[2025-09-28T14:48:13.222] [DEBUG] debug-file - env: nodejsVersion=v18.20.1
[2025-09-28T14:48:13.752] [DEBUG] debug-file - Hvigor init with startParameters:{
  hvigorfileTypeCheck: false,
  parallelExecution: true,
  incrementalExecution: true,
  printStackTrace: false,
  daemon: false,
  analyze: 0,
  logLevel: Level { level: 20000, levelStr: 'INFO', colour: 'green' },
  optimizationStrategy: 'memory',
  hotCompile: undefined,
  hotReloadBuild: undefined
}
[2025-09-28T14:48:15.480] [DEBUG] debug-file - hvigorfile, require result:  { default: { system: [Function: appTasks], plugins: [] } }
[2025-09-28T14:48:15.637] [DEBUG] debug-file - Start initialize project's product build option map with build mode debug.
[2025-09-28T14:48:15.642] [DEBUG] debug-file - Obtain build option for product 'default'in this build.
[2025-09-28T14:48:15.650] [DEBUG] debug-file - Start recording SDK configuration permission data.
[2025-09-28T14:48:15.701] [DEBUG] debug-file - Start initialize module-target build option map, moduleName=entry, buildMode=debug
[2025-09-28T14:48:15.680] [DEBUG] debug-file - Project task initialization takes 5 ms 
[2025-09-28T14:48:13.224] [DEBUG] debug-file - env: hvigor-config.json5 content = {
  modelVersion: '5.0.0',
  dependencies: {},
  execution: {},
  logging: {},
  debugging: {},
  nodeOptions: {}
}
[2025-09-28T14:48:15.708] [DEBUG] debug-file - project has submodules:entry
[2025-09-28T14:48:15.717] [DEBUG] debug-file - Start to initialize dependency information.
[2025-09-28T14:48:15.726] [DEBUG] debug-file - entry : clean cost memory 0.1156158447265625
[2025-09-28T14:48:15.747] [DEBUG] debug-file - Create  resident worker with id: 0.
[2025-09-28T14:48:13.753] [DEBUG] debug-file - Since current hvigor version 5.19.6 differs from last hvigor version 
      undefined, delete file-cache.json and task-cache.json.
[2025-09-28T14:48:15.480] [DEBUG] debug-file - hvigorfile, binding system plugins [Function: appTasks]
[2025-09-28T14:48:15.638] [DEBUG] debug-file - Picking option from product 'default' with build mode 'debug'.
[2025-09-28T14:48:15.643] [DEBUG] debug-file - No signingConfig found, initRemoteHspCache failed.
[2025-09-28T14:48:15.674] [DEBUG] debug-file - Sdk init in 30 ms 
[2025-09-28T14:48:15.680] [DEBUG] debug-file - hvigorfile, binding custom plugins []
[2025-09-28T14:48:15.701] [DEBUG] debug-file - Target 'default' config initialized
[2025-09-28T14:48:13.226] [DEBUG] debug-file - env: daemon=false
[2025-09-28T14:48:15.709] [DEBUG] debug-file - start to load updatedOhPackageInfo to the disk
[2025-09-28T14:48:15.719] [DEBUG] debug-file - Module entry Collected Dependency: 
[2025-09-28T14:48:15.726] [DEBUG] debug-file - runTaskFromQueue task cost before running: 1 s 981 ms 
[2025-09-28T14:48:15.749] [DEBUG] debug-file - Create  resident worker with id: 1.
[2025-09-28T14:48:13.753] [DEBUG] debug-file - Cache service initialization finished in 1 ms 
[2025-09-28T14:48:15.638] [DEBUG] debug-file - Product 'default' build option initialized
[2025-09-28T14:48:15.680] [DEBUG] debug-file - hvigorfile, no custom plugins were found in C:\Users\fly\Downloads\MultipleDialog\MultipleDialog-master\hvigorfile.ts
[2025-09-28T14:48:15.645] [DEBUG] debug-file - Local scan or download HarmonyOS sdk components toolchains,ets,js,native,previewer
[2025-09-28T14:48:15.702] [DEBUG] debug-file - Module 'entry' target 'default' build option initialized
[2025-09-28T14:48:13.226] [DEBUG] debug-file - no-daemon, use the parent process.execArgv --max-old-space-size=8192,--max-semi-space-size=16,--expose-gc
[2025-09-28T14:48:15.719] [DEBUG] debug-file - Module entry's total dependency: 0
[2025-09-28T14:48:15.713] [DEBUG] debug-file - load to the disk finished
[2025-09-28T14:48:15.751] [DEBUG] debug-file - Current worker pool is stopped or closed.
[2025-09-28T14:48:15.727] [INFO] debug-file - Finished :entry:clean... after 2 ms 
[2025-09-28T14:48:13.755] [DEBUG] debug-file - hvigorfile, resolving C:\Users\fly\Downloads\MultipleDialog\MultipleDialog-master\hvigorfile.ts
[2025-09-28T14:48:15.638] [DEBUG] debug-file - End initialize project's product build option map with build mode 'debug'.
[2025-09-28T14:48:15.680] [DEBUG] debug-file - hvigorfile, resolve finished C:\Users\fly\Downloads\MultipleDialog\MultipleDialog-master\hvigorfile.ts
[2025-09-28T14:48:15.702] [DEBUG] debug-file - End initialize module-target build option map, moduleName=entry
[2025-09-28T14:48:15.647] [DEBUG] debug-file - Local scan or download hmscore sdk components toolchains,ets,native
[2025-09-28T14:48:15.722] [DEBUG] debug-file - Configuration phase cost:1 s 969 ms 
[2025-09-28T14:48:15.714] [DEBUG] debug-file - Start to initialize dependency information.
[2025-09-28T14:48:15.727] [DEBUG] debug-file - Executing task ::clean
[2025-09-28T14:48:15.751] [DEBUG] debug-file - Clear worker 0.
[2025-09-28T14:48:15.702] [DEBUG] debug-file - Start initialize module-target build option map, moduleName=entry, buildMode=release
[2025-09-28T14:48:15.681] [DEBUG] debug-file - hvigorfile, resolving C:\Users\fly\Downloads\MultipleDialog\MultipleDialog-master\entry\hvigorfile.ts
[2025-09-28T14:48:15.724] [DEBUG] debug-file - Configuration task cost before running: 1 s 979 ms 
[2025-09-28T14:48:15.716] [DEBUG] debug-file - Module MultipleDialog-master Collected Dependency: 
[2025-09-28T14:48:15.727] [DEBUG] debug-file - clean: Worker pool is inactive.
[2025-09-28T14:48:15.751] [DEBUG] debug-file - Worker 0 has been cleared.
[2025-09-28T14:48:15.686] [DEBUG] debug-file - hvigorfile, require result:  { default: { system: [Function: hapTasks], plugins: [] } }
[2025-09-28T14:48:15.702] [DEBUG] debug-file - Target 'default' config initialized
[2025-09-28T14:48:15.724] [DEBUG] debug-file - Executing task :entry:clean
[2025-09-28T14:48:15.716] [DEBUG] debug-file - Module MultipleDialog-master's total dependency: 0
[2025-09-28T14:48:15.727] [DEBUG] debug-file - MultipleDialog-master : clean cost memory 0.0205078125
[2025-09-28T14:48:15.751] [DEBUG] debug-file - Current idle worker size: 1.
[2025-09-28T14:48:15.686] [DEBUG] debug-file - hvigorfile, binding system plugins [Function: hapTasks]
[2025-09-28T14:48:15.702] [DEBUG] debug-file - Module 'entry' target 'default' build option initialized
[2025-09-28T14:48:15.725] [DEBUG] debug-file - clean: Worker pool is inactive.
[2025-09-28T14:48:15.727] [DEBUG] debug-file - runTaskFromQueue task cost before running: 1 s 983 ms 
[2025-09-28T14:48:15.751] [DEBUG] debug-file - Current busy worker size: 0.
[2025-09-28T14:48:15.687] [DEBUG] debug-file - failed to load cangjie to dynamically generate schemas: Error: Cannot find module '@ohos/cangjie-build-support/index'
Require stack:
- E:\DevEco-Studio\DevEco Studio\tools\hvigor\hvigor-ohos-plugin\src\plugin\factory\plugin-factory.js
- E:\DevEco-Studio\DevEco Studio\tools\hvigor\hvigor-ohos-plugin\index.js
- C:\Users\fly\Downloads\MultipleDialog\MultipleDialog-master\hvigorfile.ts
- E:\DevEco-Studio\DevEco Studio\tools\hvigor\hvigor\src\base\internal\lifecycle\configuration.js
- E:\DevEco-Studio\DevEco Studio\tools\hvigor\hvigor\src\base\boot\index.js
- E:\DevEco-Studio\DevEco Studio\tools\hvigor\hvigor\src\cli\main\cli.js
- E:\DevEco-Studio\DevEco Studio\tools\hvigor\hvigor\bin\hvigor.js
[2025-09-28T14:48:15.702] [DEBUG] debug-file - End initialize module-target build option map, moduleName=entry
[2025-09-28T14:48:15.727] [INFO] debug-file - Finished ::clean... after 1 ms 
[2025-09-28T14:48:15.751] [DEBUG] debug-file - Clear worker 1.
[2025-09-28T14:48:15.702] [DEBUG] debug-file - Start initialize module-target build option map, moduleName=entry, buildMode=debug
[2025-09-28T14:48:15.728] [DEBUG] debug-file - Executing task :entry:init
[2025-09-28T14:48:15.751] [DEBUG] debug-file - Worker 1 has been cleared.
[2025-09-28T14:48:15.702] [DEBUG] debug-file - Target 'default' config initialized
[2025-09-28T14:48:15.728] [DEBUG] debug-file - entry : init cost memory 0.01271820068359375
[2025-09-28T14:48:15.751] [DEBUG] debug-file - Current idle worker size: 0.
[2025-09-28T14:48:15.702] [DEBUG] debug-file - Module 'entry' target 'default' build option initialized
[2025-09-28T14:48:15.728] [DEBUG] debug-file - runTaskFromQueue task cost before running: 1 s 983 ms 
[2025-09-28T14:48:15.751] [DEBUG] debug-file - Current busy worker size: 0.
[2025-09-28T14:48:15.703] [DEBUG] debug-file - End initialize module-target build option map, moduleName=entry
[2025-09-28T14:48:15.728] [INFO] debug-file - Finished :entry:init... after 1 ms 
[2025-09-28T14:48:15.752] [DEBUG] debug-file - hvigor build process will be closed.
[2025-09-28T14:48:15.703] [DEBUG] debug-file - Obtain build option for module 'entry' target 'default'in this build.
[2025-09-28T14:48:15.728] [DEBUG] debug-file - Executing task ::init
[2025-09-28T14:48:15.756] [DEBUG] debug-file - worker[0] exits with exit code 0.
[2025-09-28T14:48:15.707] [DEBUG] debug-file - Module entry task initialization takes 4 ms 
[2025-09-28T14:48:15.728] [DEBUG] debug-file - MultipleDialog-master : init cost memory 0.011474609375
[2025-09-28T14:48:15.757] [DEBUG] debug-file - worker[1] exits with exit code 0.
[2025-09-28T14:48:15.707] [DEBUG] debug-file - hvigorfile, binding custom plugins []
[2025-09-28T14:48:15.728] [DEBUG] debug-file - runTaskFromQueue task cost before running: 1 s 984 ms 
[2025-09-28T14:48:15.757] [DEBUG] debug-file - Current worker pool is terminated.
[2025-09-28T14:48:15.707] [DEBUG] debug-file - hvigorfile, no custom plugins were found in C:\Users\fly\Downloads\MultipleDialog\MultipleDialog-master\entry\hvigorfile.ts
[2025-09-28T14:48:15.728] [INFO] debug-file - Finished ::init... after 1 ms 
[2025-09-28T14:48:15.707] [DEBUG] debug-file - hvigorfile, resolve finished C:\Users\fly\Downloads\MultipleDialog\MultipleDialog-master\entry\hvigorfile.ts
[2025-09-28T14:48:15.736] [DEBUG] debug-file - Obtain build option for module 'entry' target 'default'in this build.
[2025-09-28T14:48:15.744] [DEBUG] debug-file - Since there is no instance or instance is terminated, create a new worker pool.
[2025-09-28T14:48:15.744] [DEBUG] debug-file - Worker pool is initialized with config:  {
  minPoolNum: 2,
  maxPoolNum: undefined,
  maxCoreSize: undefined,
  cacheCapacity: undefined,
  cacheTtl: undefined
}
[2025-09-28T14:48:23.665] [DEBUG] debug-file - env: nodejsVersion=v18.20.1
[2025-09-28T14:48:23.729] [DEBUG] debug-file - env: daemon=true
[2025-09-28T14:48:23.668] [DEBUG] debug-file - env: hvigor-config.json5 content = {
  modelVersion: '5.0.0',
  dependencies: {},
  execution: {},
  logging: {},
  debugging: {},
  nodeOptions: {}
}
[2025-09-28T14:48:24.372] [DEBUG] debug-file - java daemon tryConnect success
[2025-09-28T14:48:24.394] [DEBUG] debug-file - session manager: set active socket. socketId=YItcM1XG9490rSNZAAAB
[2025-09-28T14:48:25.019] [DEBUG] debug-file - watch worker: worker id should be larger than 0. Nothing will be sent to any worker thread.
[2025-09-28T14:48:25.027] [DEBUG] debug-file - Hvigor init with startParameters:{
  hvigorfileTypeCheck: false,
  parallelExecution: true,
  incrementalExecution: true,
  printStackTrace: false,
  daemon: true,
  analyze: 0,
  logLevel: Level { level: 20000, levelStr: 'INFO', colour: 'green' },
  optimizationStrategy: 'memory',
  hotCompile: undefined,
  hotReloadBuild: undefined
}
[2025-09-28T14:48:25.028] [DEBUG] debug-file - Cache service initialization finished in 1 ms 
[2025-09-28T14:48:25.030] [DEBUG] debug-file - hvigorfile, resolving C:\Users\fly\Downloads\MultipleDialog\MultipleDialog-master\hvigorfile.ts
[2025-09-28T14:48:26.340] [DEBUG] debug-file - hvigorfile, require result:  { default: { plugins: [] } }
[2025-09-28T14:48:26.341] [DEBUG] debug-file - hvigorfile, binding system plugins null
[2025-09-28T14:48:26.489] [DEBUG] debug-file - Start initialize project's product build option map with build mode debug.
[2025-09-28T14:48:26.489] [DEBUG] debug-file - Picking option from product 'default' with build mode 'debug'.
[2025-09-28T14:48:26.490] [DEBUG] debug-file - Product 'default' build option initialized
[2025-09-28T14:48:26.490] [DEBUG] debug-file - End initialize project's product build option map with build mode 'debug'.
[2025-09-28T14:48:26.491] [DEBUG] debug-file - Obtain build option for product 'default'in this build.
[2025-09-28T14:48:26.492] [DEBUG] debug-file - No signingConfig found, initRemoteHspCache failed.
[2025-09-28T14:48:26.494] [DEBUG] debug-file - Local scan or download HarmonyOS sdk components toolchains,ets,js,native,previewer
[2025-09-28T14:48:26.496] [DEBUG] debug-file - Local scan or download hmscore sdk components toolchains,ets,native
[2025-09-28T14:48:26.498] [DEBUG] debug-file - Start recording SDK configuration permission data.
[2025-09-28T14:48:26.520] [DEBUG] debug-file - Sdk init in 27 ms 
[2025-09-28T14:48:26.524] [DEBUG] debug-file - Project task initialization takes 4 ms 
[2025-09-28T14:48:26.525] [DEBUG] debug-file - hvigorfile, binding custom plugins []
[2025-09-28T14:48:26.525] [DEBUG] debug-file - hvigorfile, no custom plugins were found in C:\Users\fly\Downloads\MultipleDialog\MultipleDialog-master\hvigorfile.ts
[2025-09-28T14:48:26.525] [DEBUG] debug-file - hvigorfile, resolve finished C:\Users\fly\Downloads\MultipleDialog\MultipleDialog-master\hvigorfile.ts
[2025-09-28T14:48:26.525] [DEBUG] debug-file - hvigorfile, resolving C:\Users\fly\Downloads\MultipleDialog\MultipleDialog-master\entry\hvigorfile.ts
[2025-09-28T14:48:26.530] [DEBUG] debug-file - hvigorfile, require result:  { default: { plugins: [] } }
[2025-09-28T14:48:26.530] [DEBUG] debug-file - hvigorfile, binding system plugins null
[2025-09-28T14:48:26.532] [DEBUG] debug-file - failed to load cangjie to dynamically generate schemas: Error: Cannot find module '@ohos/cangjie-build-support/index'
Require stack:
- E:\DevEco-Studio\DevEco Studio\tools\hvigor\hvigor-ohos-plugin\src\plugin\factory\plugin-factory.js
- E:\DevEco-Studio\DevEco Studio\tools\hvigor\hvigor-ohos-plugin\index.js
- C:\Users\fly\Downloads\MultipleDialog\MultipleDialog-master\hvigorfile.ts
- E:\DevEco-Studio\DevEco Studio\tools\hvigor\hvigor\src\base\internal\lifecycle\configuration.js
- E:\DevEco-Studio\DevEco Studio\tools\hvigor\hvigor\src\base\boot\index.js
- E:\DevEco-Studio\DevEco Studio\tools\hvigor\hvigor\src\base\daemon\cluster\worker-process-lifecycle.js
- E:\DevEco-Studio\DevEco Studio\tools\hvigor\hvigor\src\base\daemon\process\daemon-process-boot-script.js
[2025-09-28T14:48:26.545] [DEBUG] debug-file - Start initialize module-target build option map, moduleName=entry, buildMode=debug
[2025-09-28T14:48:26.545] [DEBUG] debug-file - Target 'default' config initialized
[2025-09-28T14:48:26.546] [DEBUG] debug-file - Module 'entry' target 'default' build option initialized
[2025-09-28T14:48:26.546] [DEBUG] debug-file - End initialize module-target build option map, moduleName=entry
[2025-09-28T14:48:26.546] [DEBUG] debug-file - Start initialize module-target build option map, moduleName=entry, buildMode=release
[2025-09-28T14:48:26.546] [DEBUG] debug-file - Target 'default' config initialized
[2025-09-28T14:48:26.546] [DEBUG] debug-file - Module 'entry' target 'default' build option initialized
[2025-09-28T14:48:26.546] [DEBUG] debug-file - End initialize module-target build option map, moduleName=entry
[2025-09-28T14:48:26.546] [DEBUG] debug-file - Start initialize module-target build option map, moduleName=entry, buildMode=debug
[2025-09-28T14:48:26.546] [DEBUG] debug-file - Target 'default' config initialized
[2025-09-28T14:48:26.547] [DEBUG] debug-file - Module 'entry' target 'default' build option initialized
[2025-09-28T14:48:26.547] [DEBUG] debug-file - End initialize module-target build option map, moduleName=entry
[2025-09-28T14:48:26.547] [DEBUG] debug-file - Obtain build option for module 'entry' target 'default'in this build.
[2025-09-28T14:48:26.553] [DEBUG] debug-file - Module entry task initialization takes 5 ms 
[2025-09-28T14:48:26.553] [DEBUG] debug-file - hvigorfile, binding custom plugins []
[2025-09-28T14:48:26.553] [DEBUG] debug-file - hvigorfile, no custom plugins were found in C:\Users\fly\Downloads\MultipleDialog\MultipleDialog-master\entry\hvigorfile.ts
[2025-09-28T14:48:26.553] [DEBUG] debug-file - hvigorfile, resolve finished C:\Users\fly\Downloads\MultipleDialog\MultipleDialog-master\entry\hvigorfile.ts
[2025-09-28T14:48:26.567] [DEBUG] debug-file - hvigorfile, resolve hvigorfile dependencies in 13 ms 
[2025-09-28T14:48:26.567] [DEBUG] debug-file - project has submodules:entry
[2025-09-28T14:48:26.568] [DEBUG] debug-file - start to load updatedOhPackageInfo to the disk
[2025-09-28T14:48:26.574] [DEBUG] debug-file - load to the disk finished
[2025-09-28T14:48:26.575] [DEBUG] debug-file - Start to initialize dependency information.
[2025-09-28T14:48:26.577] [DEBUG] debug-file - Module MultipleDialog-master Collected Dependency: 
[2025-09-28T14:48:26.577] [DEBUG] debug-file - Module MultipleDialog-master's total dependency: 0
[2025-09-28T14:48:26.578] [DEBUG] debug-file - Start to initialize dependency information.
[2025-09-28T14:48:26.580] [DEBUG] debug-file - Module entry Collected Dependency: 
[2025-09-28T14:48:26.580] [DEBUG] debug-file - Module entry's total dependency: 0
[2025-09-28T14:48:26.583] [DEBUG] debug-file - Configuration phase cost:1 s 555 ms 
[2025-09-28T14:48:26.584] [DEBUG] debug-file - Configuration task cost before running: 1 s 563 ms 
[2025-09-28T14:48:26.586] [DEBUG] debug-file - jsonObjWithoutParam {} at undefined
[2025-09-28T14:48:26.586] [DEBUG] debug-file - jsonObjWithoutParam {"name":"entry","version":"1.0.0","description":"Please describe the basic information.","main":"","author":"","license":"","dependencies":{}} at undefined
[2025-09-28T14:48:26.590] [DEBUG] debug-file - Executing task :entry:default@PreBuild
[2025-09-28T14:48:26.595] [DEBUG] debug-file - jsonObjWithoutParam {} at undefined
[2025-09-28T14:48:26.595] [DEBUG] debug-file - jsonObjWithoutParam {"name":"entry","version":"1.0.0","description":"Please describe the basic information.","main":"","author":"","license":"","dependencies":{}} at undefined
[2025-09-28T14:48:26.691] [DEBUG] debug-file - current product is not Atomic service.
[2025-09-28T14:48:26.691] [DEBUG] debug-file - Use tool [win32: JAVA_HOME, CLASSPATH]
 [
  { JAVA_HOME: 'E:\\DevEco-Studio\\DevEco Studio\\jbr' },
  { CLASSPATH: undefined }
]
[2025-09-28T14:48:26.691] [DEBUG] debug-file - Use tool [win32: NODE_HOME]
 [ { NODE_HOME: 'E:\\DevEco-Studio\\DevEco Studio\\tools\\node' } ]
[2025-09-28T14:48:26.692] [DEBUG] debug-file - entry : default@PreBuild cost memory 13.39056396484375
[2025-09-28T14:48:26.692] [DEBUG] debug-file - runTaskFromQueue task cost before running: 1 s 670 ms 
[2025-09-28T14:48:26.695] [INFO] debug-file - Finished :entry:default@PreBuild... after 103 ms 
[2025-09-28T14:48:26.696] [DEBUG] debug-file - jsonObjWithoutParam {} at undefined
[2025-09-28T14:48:26.696] [DEBUG] debug-file - jsonObjWithoutParam {"name":"entry","version":"1.0.0","description":"Please describe the basic information.","main":"","author":"","license":"","dependencies":{}} at undefined
[2025-09-28T14:48:26.696] [DEBUG] debug-file - Executing task :entry:default@CreateModuleInfo
[2025-09-28T14:48:26.697] [DEBUG] debug-file - Task 'entry:default@CreateModuleInfo' cost while wrapping incremental declarations: 1 ms 
[2025-09-28T14:48:26.697] [DEBUG] debug-file - entry : default@CreateModuleInfo cost memory 0.042755126953125
[2025-09-28T14:48:26.697] [DEBUG] debug-file - runTaskFromQueue task cost before running: 1 s 675 ms 
[2025-09-28T14:48:26.697] [INFO] debug-file - Finished :entry:default@CreateModuleInfo... after 1 ms 
[2025-09-28T14:48:26.698] [DEBUG] debug-file - jsonObjWithoutParam {} at undefined
[2025-09-28T14:48:26.698] [DEBUG] debug-file - jsonObjWithoutParam {"name":"entry","version":"1.0.0","description":"Please describe the basic information.","main":"","author":"","license":"","dependencies":{}} at undefined
[2025-09-28T14:48:26.698] [DEBUG] debug-file - Executing task :entry:default@GenerateMetadata
[2025-09-28T14:48:26.699] [DEBUG] debug-file - Task 'entry:default@GenerateMetadata' cost while wrapping incremental declarations: 1 ms 
[2025-09-28T14:48:26.699] [DEBUG] debug-file - jsonObjWithoutParam {} at undefined
[2025-09-28T14:48:26.699] [DEBUG] debug-file - jsonObjWithoutParam {"name":"entry","version":"1.0.0","description":"Please describe the basic information.","main":"","author":"","license":"","dependencies":{}} at undefined
[2025-09-28T14:48:26.701] [DEBUG] debug-file - entry : default@GenerateMetadata cost memory 0.09749603271484375
[2025-09-28T14:48:26.702] [DEBUG] debug-file - runTaskFromQueue task cost before running: 1 s 680 ms 
[2025-09-28T14:48:26.702] [INFO] debug-file - Finished :entry:default@GenerateMetadata... after 4 ms 
[2025-09-28T14:48:26.703] [DEBUG] debug-file - jsonObjWithoutParam {} at undefined
[2025-09-28T14:48:26.703] [DEBUG] debug-file - jsonObjWithoutParam {"name":"entry","version":"1.0.0","description":"Please describe the basic information.","main":"","author":"","license":"","dependencies":{}} at undefined
[2025-09-28T14:48:26.703] [DEBUG] debug-file - Executing task :entry:default@ConfigureCmake
[2025-09-28T14:48:26.703] [DEBUG] debug-file - jsonObjWithoutParam {} at undefined
[2025-09-28T14:48:26.703] [DEBUG] debug-file - jsonObjWithoutParam {"name":"entry","version":"1.0.0","description":"Please describe the basic information.","main":"","author":"","license":"","dependencies":{}} at undefined
[2025-09-28T14:48:26.703] [DEBUG] debug-file - entry : default@ConfigureCmake cost memory 0.04012298583984375
[2025-09-28T14:48:26.703] [DEBUG] debug-file - runTaskFromQueue task cost before running: 1 s 682 ms 
[2025-09-28T14:48:26.704] [INFO] debug-file - Finished :entry:default@ConfigureCmake... after 1 ms 
[2025-09-28T14:48:26.704] [DEBUG] debug-file - jsonObjWithoutParam {} at undefined
[2025-09-28T14:48:26.704] [DEBUG] debug-file - jsonObjWithoutParam {"name":"entry","version":"1.0.0","description":"Please describe the basic information.","main":"","author":"","license":"","dependencies":{}} at undefined
[2025-09-28T14:48:26.705] [DEBUG] debug-file - Executing task :entry:default@MergeProfile
[2025-09-28T14:48:26.705] [DEBUG] debug-file - jsonObjWithoutParam {} at undefined
[2025-09-28T14:48:26.705] [DEBUG] debug-file - jsonObjWithoutParam {"name":"entry","version":"1.0.0","description":"Please describe the basic information.","main":"","author":"","license":"","dependencies":{}} at undefined
[2025-09-28T14:48:26.706] [DEBUG] debug-file - Change app api release type with 'Release'
[2025-09-28T14:48:26.706] [DEBUG] debug-file - Change app compile API version with '5.1.1.208'
[2025-09-28T14:48:26.706] [DEBUG] debug-file - Change app target API version with '50005017'
[2025-09-28T14:48:26.706] [DEBUG] debug-file - Change app minimum API version with '50005017'
[2025-09-28T14:48:26.706] [DEBUG] debug-file - Use cli appEnvironment
[2025-09-28T14:48:26.708] [DEBUG] debug-file - entry : default@MergeProfile cost memory 0.17470550537109375
[2025-09-28T14:48:26.708] [DEBUG] debug-file - runTaskFromQueue task cost before running: 1 s 686 ms 
[2025-09-28T14:48:26.708] [INFO] debug-file - Finished :entry:default@MergeProfile... after 4 ms 
[2025-09-28T14:48:26.709] [DEBUG] debug-file - jsonObjWithoutParam {} at undefined
[2025-09-28T14:48:26.709] [DEBUG] debug-file - jsonObjWithoutParam {"name":"entry","version":"1.0.0","description":"Please describe the basic information.","main":"","author":"","license":"","dependencies":{}} at undefined
[2025-09-28T14:48:26.710] [DEBUG] debug-file - Executing task :entry:default@CreateBuildProfile
[2025-09-28T14:48:26.711] [DEBUG] debug-file - Task 'entry:default@CreateBuildProfile' cost while wrapping incremental declarations: 1 ms 
[2025-09-28T14:48:26.711] [DEBUG] debug-file - jsonObjWithoutParam {} at undefined
[2025-09-28T14:48:26.711] [DEBUG] debug-file - jsonObjWithoutParam {"name":"entry","version":"1.0.0","description":"Please describe the basic information.","main":"","author":"","license":"","dependencies":{}} at undefined
[2025-09-28T14:48:26.713] [DEBUG] debug-file - entry : default@CreateBuildProfile cost memory 0.0998382568359375
[2025-09-28T14:48:26.713] [DEBUG] debug-file - runTaskFromQueue task cost before running: 1 s 692 ms 
[2025-09-28T14:48:26.714] [INFO] debug-file - Finished :entry:default@CreateBuildProfile... after 4 ms 
[2025-09-28T14:48:26.714] [DEBUG] debug-file - jsonObjWithoutParam {} at undefined
[2025-09-28T14:48:26.715] [DEBUG] debug-file - jsonObjWithoutParam {"name":"entry","version":"1.0.0","description":"Please describe the basic information.","main":"","author":"","license":"","dependencies":{}} at undefined
[2025-09-28T14:48:26.715] [DEBUG] debug-file - Executing task :entry:default@PreCheckSyscap
[2025-09-28T14:48:26.715] [DEBUG] debug-file - jsonObjWithoutParam {} at undefined
[2025-09-28T14:48:26.715] [DEBUG] debug-file - jsonObjWithoutParam {"name":"entry","version":"1.0.0","description":"Please describe the basic information.","main":"","author":"","license":"","dependencies":{}} at undefined
[2025-09-28T14:48:26.715] [DEBUG] debug-file - entry : default@PreCheckSyscap cost memory 0.0403289794921875
[2025-09-28T14:48:26.715] [DEBUG] debug-file - runTaskFromQueue task cost before running: 1 s 694 ms 
[2025-09-28T14:48:26.715] [INFO] debug-file - Finished :entry:default@PreCheckSyscap... after 1 ms 
[2025-09-28T14:48:26.716] [DEBUG] debug-file - jsonObjWithoutParam {} at undefined
[2025-09-28T14:48:26.716] [DEBUG] debug-file - jsonObjWithoutParam {"name":"entry","version":"1.0.0","description":"Please describe the basic information.","main":"","author":"","license":"","dependencies":{}} at undefined
[2025-09-28T14:48:26.717] [DEBUG] debug-file - Executing task :entry:default@GeneratePkgContextInfo
[2025-09-28T14:48:26.723] [DEBUG] debug-file - Task 'entry:default@GeneratePkgContextInfo' cost while wrapping incremental declarations: 1 ms 
[2025-09-28T14:48:26.724] [DEBUG] debug-file - entry : default@GeneratePkgContextInfo cost memory 0.729644775390625
[2025-09-28T14:48:26.724] [DEBUG] debug-file - runTaskFromQueue task cost before running: 1 s 702 ms 
[2025-09-28T14:48:26.724] [INFO] debug-file - Finished :entry:default@GeneratePkgContextInfo... after 7 ms 
[2025-09-28T14:48:26.725] [DEBUG] debug-file - jsonObjWithoutParam {} at undefined
[2025-09-28T14:48:26.725] [DEBUG] debug-file - jsonObjWithoutParam {"name":"entry","version":"1.0.0","description":"Please describe the basic information.","main":"","author":"","license":"","dependencies":{}} at undefined
[2025-09-28T14:48:26.727] [DEBUG] debug-file - Executing task :entry:default@ProcessIntegratedHsp
[2025-09-28T14:48:26.727] [DEBUG] debug-file - jsonObjWithoutParam {} at undefined
[2025-09-28T14:48:26.727] [DEBUG] debug-file - jsonObjWithoutParam {"name":"entry","version":"1.0.0","description":"Please describe the basic information.","main":"","author":"","license":"","dependencies":{}} at undefined
[2025-09-28T14:48:26.728] [DEBUG] debug-file - entry : default@ProcessIntegratedHsp cost memory 0.05866241455078125
[2025-09-28T14:48:26.728] [DEBUG] debug-file - runTaskFromQueue task cost before running: 1 s 706 ms 
[2025-09-28T14:48:26.728] [INFO] debug-file - Finished :entry:default@ProcessIntegratedHsp... after 1 ms 
[2025-09-28T14:48:26.729] [DEBUG] debug-file - jsonObjWithoutParam {} at undefined
[2025-09-28T14:48:26.729] [DEBUG] debug-file - jsonObjWithoutParam {"name":"entry","version":"1.0.0","description":"Please describe the basic information.","main":"","author":"","license":"","dependencies":{}} at undefined
[2025-09-28T14:48:26.729] [DEBUG] debug-file - Executing task :entry:default@BuildNativeWithCmake
[2025-09-28T14:48:26.729] [DEBUG] debug-file - jsonObjWithoutParam {} at undefined
[2025-09-28T14:48:26.729] [DEBUG] debug-file - jsonObjWithoutParam {"name":"entry","version":"1.0.0","description":"Please describe the basic information.","main":"","author":"","license":"","dependencies":{}} at undefined
[2025-09-28T14:48:26.729] [DEBUG] debug-file - entry : default@BuildNativeWithCmake cost memory 0.041778564453125
[2025-09-28T14:48:26.729] [DEBUG] debug-file - runTaskFromQueue task cost before running: 1 s 708 ms 
[2025-09-28T14:48:26.729] [INFO] debug-file - Finished :entry:default@BuildNativeWithCmake... after 1 ms 
[2025-09-28T14:48:26.730] [DEBUG] debug-file - jsonObjWithoutParam {} at undefined
[2025-09-28T14:48:26.730] [DEBUG] debug-file - jsonObjWithoutParam {"name":"entry","version":"1.0.0","description":"Please describe the basic information.","main":"","author":"","license":"","dependencies":{}} at undefined
[2025-09-28T14:48:26.730] [DEBUG] debug-file - Executing task :entry:default@MakePackInfo
[2025-09-28T14:48:26.731] [DEBUG] debug-file - jsonObjWithoutParam {} at undefined
[2025-09-28T14:48:26.731] [DEBUG] debug-file - jsonObjWithoutParam {"name":"entry","version":"1.0.0","description":"Please describe the basic information.","main":"","author":"","license":"","dependencies":{}} at undefined
[2025-09-28T14:48:26.732] [DEBUG] debug-file - Module Pack Info:  {
  summary: {
    app: { bundleName: 'c***g', bundleType: 'app', version: [Object] },
    modules: [ [Object] ]
  },
  packages: [
    {
      deviceType: [Array],
      moduleType: 'entry',
      deliveryWithInstall: true,
      name: 'entry-default'
    }
  ]
}
[2025-09-28T14:48:26.734] [DEBUG] debug-file - entry : default@MakePackInfo cost memory 0.13976287841796875
[2025-09-28T14:48:26.734] [DEBUG] debug-file - runTaskFromQueue task cost before running: 1 s 712 ms 
[2025-09-28T14:48:26.734] [INFO] debug-file - Finished :entry:default@MakePackInfo... after 4 ms 
[2025-09-28T14:48:26.735] [DEBUG] debug-file - jsonObjWithoutParam {} at undefined
[2025-09-28T14:48:26.735] [DEBUG] debug-file - jsonObjWithoutParam {"name":"entry","version":"1.0.0","description":"Please describe the basic information.","main":"","author":"","license":"","dependencies":{}} at undefined
[2025-09-28T14:48:26.735] [DEBUG] debug-file - Executing task :entry:default@SyscapTransform
[2025-09-28T14:48:26.735] [DEBUG] debug-file - File: 'C:\Users\fly\Downloads\MultipleDialog\MultipleDialog-master\entry\src\main\syscap.json' from 'sysCapJsonPath' is not exists, just ignore.
[2025-09-28T14:48:26.736] [DEBUG] debug-file - Task 'entry:default@SyscapTransform' cost while wrapping incremental declarations: 1 ms 
[2025-09-28T14:48:26.736] [DEBUG] debug-file - jsonObjWithoutParam {} at undefined
[2025-09-28T14:48:26.736] [DEBUG] debug-file - jsonObjWithoutParam {"name":"entry","version":"1.0.0","description":"Please describe the basic information.","main":"","author":"","license":"","dependencies":{}} at undefined
[2025-09-28T14:48:26.736] [DEBUG] debug-file - entry : default@SyscapTransform cost memory 0.0857086181640625
[2025-09-28T14:48:26.736] [DEBUG] debug-file - runTaskFromQueue task cost before running: 1 s 715 ms 
[2025-09-28T14:48:26.736] [INFO] debug-file - Finished :entry:default@SyscapTransform... after 2 ms 
[2025-09-28T14:48:26.737] [DEBUG] debug-file - jsonObjWithoutParam {} at undefined
[2025-09-28T14:48:26.737] [DEBUG] debug-file - jsonObjWithoutParam {"name":"entry","version":"1.0.0","description":"Please describe the basic information.","main":"","author":"","license":"","dependencies":{}} at undefined
[2025-09-28T14:48:26.738] [DEBUG] debug-file - Executing task :entry:default@ProcessProfile
[2025-09-28T14:48:26.739] [DEBUG] debug-file - jsonObjWithoutParam {} at undefined
[2025-09-28T14:48:26.739] [DEBUG] debug-file - jsonObjWithoutParam {"name":"entry","version":"1.0.0","description":"Please describe the basic information.","main":"","author":"","license":"","dependencies":{}} at undefined
[2025-09-28T14:48:26.739] [DEBUG] debug-file - [
  'E:\\DevEco-Studio\\DevEco Studio\\tools\\node\\node.exe',
  'E:\\DevEco-Studio\\DevEco Studio\\sdk\\default\\openharmony\\ets\\build-tools\\ets-loader\\bin\\ark\\ts2abc.js',
  '--target-api-version',
  '17'
]
[2025-09-28T14:48:26.837] [DEBUG] debug-file - 12.0.6.0
[2025-09-28T14:48:26.840] [DEBUG] debug-file - entry : default@ProcessProfile cost memory 2.12603759765625
[2025-09-28T14:48:26.840] [DEBUG] debug-file - runTaskFromQueue task cost before running: 1 s 819 ms 
[2025-09-28T14:48:26.840] [INFO] debug-file - Finished :entry:default@ProcessProfile... after 103 ms 
[2025-09-28T14:48:26.841] [DEBUG] debug-file - jsonObjWithoutParam {} at undefined
[2025-09-28T14:48:26.841] [DEBUG] debug-file - jsonObjWithoutParam {"name":"entry","version":"1.0.0","description":"Please describe the basic information.","main":"","author":"","license":"","dependencies":{}} at undefined
[2025-09-28T14:48:26.842] [DEBUG] debug-file - Executing task :entry:default@ProcessRouterMap
[2025-09-28T14:48:26.843] [DEBUG] debug-file - jsonObjWithoutParam {} at undefined
[2025-09-28T14:48:26.843] [DEBUG] debug-file - jsonObjWithoutParam {"name":"entry","version":"1.0.0","description":"Please describe the basic information.","main":"","author":"","license":"","dependencies":{}} at undefined
[2025-09-28T14:48:26.846] [DEBUG] debug-file - entry : default@ProcessRouterMap cost memory 0.136932373046875
[2025-09-28T14:48:26.846] [DEBUG] debug-file - runTaskFromQueue task cost before running: 1 s 824 ms 
[2025-09-28T14:48:26.846] [INFO] debug-file - Finished :entry:default@ProcessRouterMap... after 4 ms 
[2025-09-28T14:48:26.847] [DEBUG] debug-file - jsonObjWithoutParam {} at undefined
[2025-09-28T14:48:26.847] [DEBUG] debug-file - jsonObjWithoutParam {"name":"entry","version":"1.0.0","description":"Please describe the basic information.","main":"","author":"","license":"","dependencies":{}} at undefined
[2025-09-28T14:48:26.847] [DEBUG] debug-file - Executing task :entry:default@ProcessStartupConfig
[2025-09-28T14:48:26.847] [DEBUG] debug-file - Task 'entry:default@ProcessStartupConfig' cost while wrapping incremental declarations: 1 ms 
[2025-09-28T14:48:26.848] [DEBUG] debug-file - jsonObjWithoutParam {} at undefined
[2025-09-28T14:48:26.848] [DEBUG] debug-file - jsonObjWithoutParam {"name":"entry","version":"1.0.0","description":"Please describe the basic information.","main":"","author":"","license":"","dependencies":{}} at undefined
[2025-09-28T14:48:26.848] [DEBUG] debug-file - entry : default@ProcessStartupConfig cost memory 0.1249237060546875
[2025-09-28T14:48:26.849] [DEBUG] debug-file - runTaskFromQueue task cost before running: 1 s 827 ms 
[2025-09-28T14:48:26.849] [INFO] debug-file - Finished :entry:default@ProcessStartupConfig... after 2 ms 
[2025-09-28T14:48:26.849] [DEBUG] debug-file - jsonObjWithoutParam {} at undefined
[2025-09-28T14:48:26.850] [DEBUG] debug-file - jsonObjWithoutParam {"name":"entry","version":"1.0.0","description":"Please describe the basic information.","main":"","author":"","license":"","dependencies":{}} at undefined
[2025-09-28T14:48:26.850] [DEBUG] debug-file - Executing task :entry:default@BuildNativeWithNinja
[2025-09-28T14:48:26.850] [DEBUG] debug-file - jsonObjWithoutParam {} at undefined
[2025-09-28T14:48:26.850] [DEBUG] debug-file - jsonObjWithoutParam {"name":"entry","version":"1.0.0","description":"Please describe the basic information.","main":"","author":"","license":"","dependencies":{}} at undefined
[2025-09-28T14:48:26.851] [DEBUG] debug-file - entry : default@BuildNativeWithNinja cost memory 0.056304931640625
[2025-09-28T14:48:26.852] [DEBUG] debug-file - runTaskFromQueue task cost before running: 1 s 830 ms 
[2025-09-28T14:48:26.852] [INFO] debug-file - Finished :entry:default@BuildNativeWithNinja... after 2 ms 
[2025-09-28T14:48:26.853] [DEBUG] debug-file - jsonObjWithoutParam {} at undefined
[2025-09-28T14:48:26.853] [DEBUG] debug-file - jsonObjWithoutParam {"name":"entry","version":"1.0.0","description":"Please describe the basic information.","main":"","author":"","license":"","dependencies":{}} at undefined
[2025-09-28T14:48:26.854] [DEBUG] debug-file - restool module names: entry; moduleName=entry, taskName=default@ProcessResource
[2025-09-28T14:48:26.855] [DEBUG] debug-file - Executing task :entry:default@ProcessResource
[2025-09-28T14:48:26.855] [DEBUG] debug-file - Task 'entry:default@ProcessResource' cost while wrapping incremental declarations: 1 ms 
[2025-09-28T14:48:26.856] [DEBUG] debug-file - jsonObjWithoutParam {} at undefined
[2025-09-28T14:48:26.856] [DEBUG] debug-file - jsonObjWithoutParam {"name":"entry","version":"1.0.0","description":"Please describe the basic information.","main":"","author":"","license":"","dependencies":{}} at undefined
[2025-09-28T14:48:26.858] [DEBUG] debug-file - entry : default@ProcessResource cost memory 0.15685272216796875
[2025-09-28T14:48:26.858] [DEBUG] debug-file - runTaskFromQueue task cost before running: 1 s 837 ms 
[2025-09-28T14:48:26.859] [INFO] debug-file - Finished :entry:default@ProcessResource... after 4 ms 
[2025-09-28T14:48:26.860] [DEBUG] debug-file - jsonObjWithoutParam {} at undefined
[2025-09-28T14:48:26.860] [DEBUG] debug-file - jsonObjWithoutParam {"name":"entry","version":"1.0.0","description":"Please describe the basic information.","main":"","author":"","license":"","dependencies":{}} at undefined
[2025-09-28T14:48:26.861] [DEBUG] debug-file - Executing task :entry:default@GenerateLoaderJson
[2025-09-28T14:48:26.862] [DEBUG] debug-file - Task 'entry:default@GenerateLoaderJson' cost while wrapping incremental declarations: 1 ms 
[2025-09-28T14:48:26.870] [DEBUG] debug-file - entry : default@GenerateLoaderJson cost memory 0.6004486083984375
[2025-09-28T14:48:26.870] [DEBUG] debug-file - runTaskFromQueue task cost before running: 1 s 848 ms 
[2025-09-28T14:48:26.872] [INFO] debug-file - Finished :entry:default@GenerateLoaderJson... after 9 ms 
[2025-09-28T14:48:26.873] [DEBUG] debug-file - jsonObjWithoutParam {} at undefined
[2025-09-28T14:48:26.873] [DEBUG] debug-file - jsonObjWithoutParam {"name":"entry","version":"1.0.0","description":"Please describe the basic information.","main":"","author":"","license":"","dependencies":{}} at undefined
[2025-09-28T14:48:26.873] [DEBUG] debug-file - Executing task :entry:default@ProcessLibs
[2025-09-28T14:48:26.874] [DEBUG] debug-file - jsonObjWithoutParam {} at undefined
[2025-09-28T14:48:26.875] [DEBUG] debug-file - jsonObjWithoutParam {"name":"entry","version":"1.0.0","description":"Please describe the basic information.","main":"","author":"","license":"","dependencies":{}} at undefined
[2025-09-28T14:48:26.878] [DEBUG] debug-file - Worker dispatch failed, running processLibs on main thread.
[2025-09-28T14:48:26.879] [DEBUG] debug-file - entry : default@ProcessLibs cost memory 0.32474517822265625
[2025-09-28T14:48:26.879] [DEBUG] debug-file - runTaskFromQueue task cost before running: 1 s 858 ms 
[2025-09-28T14:48:26.880] [INFO] debug-file - Finished :entry:default@ProcessLibs... after 6 ms 
[2025-09-28T14:48:26.880] [DEBUG] debug-file - jsonObjWithoutParam {} at undefined
[2025-09-28T14:48:26.880] [DEBUG] debug-file - jsonObjWithoutParam {"name":"entry","version":"1.0.0","description":"Please describe the basic information.","main":"","author":"","license":"","dependencies":{}} at undefined
[2025-09-28T14:48:26.881] [DEBUG] debug-file - restool module names: entry; moduleName=entry, taskName=default@CompileResource
[2025-09-28T14:48:26.881] [DEBUG] debug-file - Executing task :entry:default@CompileResource
[2025-09-28T14:48:26.887] [DEBUG] debug-file - Use tool [E:\DevEco-Studio\DevEco Studio\sdk\default\openharmony\toolchains\restool.exe]
 [
  'E:\\DevEco-Studio\\DevEco Studio\\sdk\\default\\openharmony\\toolchains\\restool.exe',
  '-l',
  'C:\\Users\\fly\\Downloads\\MultipleDialog\\MultipleDialog-master\\entry\\build\\default\\intermediates\\res\\default\\resConfig.json'
]
[2025-09-28T14:48:26.888] [DEBUG] debug-file - current process  memoryUsage: {
  rss: 201637888,
  heapTotal: 158232576,
  heapUsed: 133234736,
  external: 3071446,
  arrayBuffers: 191707
} os memoryUsage :9.814502716064453
[2025-09-28T14:48:26.932] [DEBUG] debug-file - Info: Pack: normal pack mode

[2025-09-28T14:48:26.972] [DEBUG] debug-file - Info: hardware concurrency count is : 16
Info: thread count is : 16

[2025-09-28T14:48:26.972] [DEBUG] debug-file - Info: thread pool is started

[2025-09-28T14:48:26.973] [DEBUG] debug-file - Info: GenericCompiler::CompileFiles

[2025-09-28T14:48:26.981] [DEBUG] debug-file - Info: GenericCompiler::CompileFiles

[2025-09-28T14:48:26.992] [DEBUG] debug-file - Info: GenericCompiler::CompileFiles

[2025-09-28T14:48:27.000] [DEBUG] debug-file - 09-28 14:48:27.000 27576 12796 E C01400/ImageTranscoderUtils: DecodeToRGBA IN
09-28 14:48:27.000 27576 12796 E C01400/ImageTranscoderUtils: ImageFilter IN C:\Users\fly\Downloads\MultipleDialog\MultipleDialog-master\AppScope\resources\base\media\app_icon.png

[2025-09-28T14:48:27.002] [DEBUG] debug-file - 09-28 14:48:27.002 27576 12796 E C01400/ImageTranscoder: TranscodeSLR Only zoom-out is supported.

[2025-09-28T14:48:27.002] [DEBUG] debug-file - Warning: ScaleImage failed, error message: INVALID_PARAMETERS, file path = C:\Users\fly\Downloads\MultipleDialog\MultipleDialog-master\AppScope\resources\base\media\app_icon.png

[2025-09-28T14:48:27.003] [DEBUG] debug-file - 09-28 14:48:27.003 27576 12796 E C01400/ImageTranscoderUtils: DecodeToRGBA IN

[2025-09-28T14:48:27.003] [DEBUG] debug-file - 09-28 14:48:27.003 27576 12796 E C01400/ImageTranscoderUtils: ImageFilter IN C:\Users\fly\Downloads\MultipleDialog\MultipleDialog-master\entry\src\main\resources\base\media\background.png

[2025-09-28T14:48:27.005] [DEBUG] debug-file - 09-28 14:48:27.005 27576 12796 E C01400/ImageTranscoder: TranscodeSLR Only zoom-out is supported.

[2025-09-28T14:48:27.005] [DEBUG] debug-file - Warning: ScaleImage failed, error message: INVALID_PARAMETERS, file path = C:\Users\fly\Downloads\MultipleDialog\MultipleDialog-master\entry\src\main\resources\base\media\background.png

[2025-09-28T14:48:27.006] [DEBUG] debug-file - 09-28 14:48:27.006 27576 12796 E C01400/ImageTranscoderUtils: DecodeToRGBA IN

[2025-09-28T14:48:27.006] [DEBUG] debug-file - 09-28 14:48:27.006 27576 12796 E C01400/ImageTranscoderUtils: ImageFilter IN C:\Users\fly\Downloads\MultipleDialog\MultipleDialog-master\entry\src\main\resources\base\media\foreground.png

[2025-09-28T14:48:27.007] [DEBUG] debug-file - 09-28 14:48:27.007 27576 12796 E C01400/ImageTranscoder: TranscodeSLR Only zoom-out is supported.

[2025-09-28T14:48:27.007] [DEBUG] debug-file - Warning: ScaleImage failed, error message: INVALID_PARAMETERS, file path = C:\Users\fly\Downloads\MultipleDialog\MultipleDialog-master\entry\src\main\resources\base\media\foreground.png

[2025-09-28T14:48:27.008] [DEBUG] debug-file - Info: can't scale media json file.

[2025-09-28T14:48:27.008] [DEBUG] debug-file - Warning: The width or height of the png file referenced by the icon exceeds the limit (41 pixels)
at C:\Users\fly\Downloads\MultipleDialog\MultipleDialog-master\AppScope\resources\base\media\app_icon.png

[2025-09-28T14:48:27.008] [DEBUG] debug-file - Warning: The width or height of the png file referenced by the icon exceeds the limit (41 pixels)
at C:\Users\fly\Downloads\MultipleDialog\MultipleDialog-master\entry\src\main\resources\base\media\background.png
Warning: The width or height of the png file referenced by the icon exceeds the limit (41 pixels)
at C:\Users\fly\Downloads\MultipleDialog\MultipleDialog-master\entry\src\main\resources\base\media\foreground.png
Warning: C:\Users\fly\Downloads\MultipleDialog\MultipleDialog-master\entry\src\main\resources\base\media\layered_image.json is not png format

[2025-09-28T14:48:27.009] [DEBUG] debug-file - Info: restool resources compile success.

[2025-09-28T14:48:27.010] [DEBUG] debug-file - Info: thread pool is stopped

[2025-09-28T14:48:27.078] [DEBUG] debug-file - entry : default@CompileResource cost memory 1.0281524658203125
[2025-09-28T14:48:27.078] [DEBUG] debug-file - runTaskFromQueue task cost before running: 2 s 57 ms 
[2025-09-28T14:48:27.079] [INFO] debug-file - Finished :entry:default@CompileResource... after 198 ms 
[2025-09-28T14:48:27.080] [DEBUG] debug-file - jsonObjWithoutParam {} at undefined
[2025-09-28T14:48:27.080] [DEBUG] debug-file - jsonObjWithoutParam {"name":"entry","version":"1.0.0","description":"Please describe the basic information.","main":"","author":"","license":"","dependencies":{}} at undefined
[2025-09-28T14:48:27.080] [DEBUG] debug-file - Executing task :entry:default@DoNativeStrip
[2025-09-28T14:48:27.081] [DEBUG] debug-file - Task 'entry:default@DoNativeStrip' cost while wrapping incremental declarations: 1 ms 
[2025-09-28T14:48:27.081] [DEBUG] debug-file - jsonObjWithoutParam {} at undefined
[2025-09-28T14:48:27.081] [DEBUG] debug-file - jsonObjWithoutParam {"name":"entry","version":"1.0.0","description":"Please describe the basic information.","main":"","author":"","license":"","dependencies":{}} at undefined
[2025-09-28T14:48:27.083] [DEBUG] debug-file - entry : default@DoNativeStrip cost memory 0.08982086181640625
[2025-09-28T14:48:27.083] [DEBUG] debug-file - runTaskFromQueue task cost before running: 2 s 62 ms 
[2025-09-28T14:48:27.084] [INFO] debug-file - Finished :entry:default@DoNativeStrip... after 4 ms 
[2025-09-28T14:48:27.084] [DEBUG] debug-file - jsonObjWithoutParam {} at undefined
[2025-09-28T14:48:27.084] [DEBUG] debug-file - jsonObjWithoutParam {"name":"entry","version":"1.0.0","description":"Please describe the basic information.","main":"","author":"","license":"","dependencies":{}} at undefined
[2025-09-28T14:48:27.085] [DEBUG] debug-file - Executing task :entry:default@CompileArkTS
[2025-09-28T14:48:27.085] [DEBUG] debug-file - obfuscationOptions: undefined
[2025-09-28T14:48:27.099] [DEBUG] debug-file - build config:
[2025-09-28T14:48:27.099] [DEBUG] debug-file - {
  moduleType: 'entry',
  perf: 0,
  targetName: '.default',
  packageManagerType: 'ohpm',
  localPropertiesPath: 'C:\\Users\\fly\\Downloads\\MultipleDialog\\MultipleDialog-master\\local.properties',
  isPreview: false,
  isOhosTest: false,
  isLocalTest: false,
  buildMode: 'Debug',
  hotReloadBuild: undefined,
  watchMode: 'false',
  aceProfilePath: 'C:\\Users\\fly\\Downloads\\MultipleDialog\\MultipleDialog-master\\entry\\build\\default\\intermediates\\res\\default\\resources\\base\\profile',
  etsLoaderPath: 'E:\\DevEco-Studio\\DevEco Studio\\sdk\\default\\openharmony\\ets\\build-tools\\ets-loader',
  modulePath: 'C:\\Users\\fly\\Downloads\\MultipleDialog\\MultipleDialog-master\\entry',
  testFrameworkPar: {
    testMode: undefined,
    coveragePathFilter: undefined,
    coverageMode: undefined
  },
  needCoverageInsert: false,
  debugLine: false,
  projectTopDir: 'C:\\Users\\fly\\Downloads\\MultipleDialog\\MultipleDialog-master',
  compileSdkVersion: 19,
  compatibleSdkVersion: 17,
  compatibleSdkVersionStage: undefined,
  bundleName: 'c***g',
  etsLoaderVersion: '5.1.1.208',
  etsLoaderReleaseType: 'Release',
  aotCompileMode: 'type',
  apPath: 'C:\\Users\\fly\\Downloads\\MultipleDialog\\MultipleDialog-master\\entry\\modules.ap',
  entryModuleName: 'entry',
  entryModuleVersion: '1.0.0',
  entryPackageName: 'entry',
  allModuleNameHash: '32db26d62647711cf76434f3839d152d',
  externalApiPaths: [ 'E:\\DevEco-Studio\\DevEco Studio\\sdk\\default\\hms\\ets' ],
  compilerTypes: undefined,
  isCrossplatform: false,
  hvigorPluginFile: undefined,
  compilePluginPath: undefined,
  buildGeneratedProfilePath: 'C:\\Users\\fly\\Downloads\\MultipleDialog\\MultipleDialog-master\\entry\\build\\default\\generated\\profile\\default',
  bundleType: 'app',
  arkTSVersion: undefined,
  apiVersion: 19,
  needCompleteSourcesMap: false,
  isFaMode: false,
  strictMode: {
    caseSensitiveCheck: true,
    useNormalizedOHMUrl: true,
    noExternalImportByPath: true
  },
  buildDir: 'C:\\Users\\fly\\Downloads\\MultipleDialog\\MultipleDialog-master\\entry\\build',
  deviceTypes: [ 'phone' ],
  useNormalizedOHMUrl: true,
  pkgContextInfo: {
    entry: {
      packageName: 'entry',
      bundleName: '*****',
      moduleName: '',
      version: '',
      entryPath: 'src/main/',
      isSO: false,
      dependencyAlias: ''
    }
  },
  ohPackagePathMap: {},
  dependencyAliasMap: {},
  permission: { requestPermissions: undefined, definePermissions: undefined },
  integratedHsp: false,
  projectArkOption: undefined,
  sourceMapDir: undefined,
  branchElimination: false,
  transformLib: undefined,
  caseSensitiveCheck: true,
  tsImportSendable: false,
  resolveConflictMode: true,
  depName2RootPath: {},
  depName2DepInfo: {},
  rootPathSet: [
    'C:\\Users\\fly\\Downloads\\MultipleDialog\\MultipleDialog-master'
  ],
  useNativeResolver: true,
  shouldEmitJs: true,
  useTscResolve: false,
  singleFileEmit: false,
  userProjectConfig: {
    autoLazyImport: false,
    allowEmptyBundleName: false,
    reExportCheckMode: 'noCheck',
    executionMode: 'memory'
  },
  executionMode: 'memory',
  autoLazyImport: false,
  allowEmptyBundleName: false,
  reExportCheckMode: 'noCheck',
  arkCompileCachePath: 'C:\\Users\\fly\\Downloads\\MultipleDialog\\MultipleDialog-master\\entry\\build\\default\\cache\\default\\default@CompileArkTS\\esmodule',
  aceModuleJsonPath: 'C:\\Users\\fly\\Downloads\\MultipleDialog\\MultipleDialog-master\\entry\\build\\default\\intermediates\\res\\default\\ark_module.json',
  appResource: 'C:\\Users\\fly\\Downloads\\MultipleDialog\\MultipleDialog-master\\entry\\build\\default\\intermediates\\res\\default\\ResourceTable.txt',
  rawFileResource: 'C:\\Users\\fly\\Downloads\\MultipleDialog\\MultipleDialog-master\\entry\\build\\default\\intermediates\\res\\default\\resources\\rawfile',
  resourceTableHash: 'f9d5220229a2eef0106d2817160824ed',
  runtimeOS: 'HarmonyOS',
  sdkInfo: 'false:19:5.1.1.208:Release',
  aceModuleRoot: 'C:\\Users\\fly\\Downloads\\MultipleDialog\\MultipleDialog-master\\entry\\src\\main\\ets',
  compileMode: 'esmodule',
  aceSuperVisualPath: 'C:\\Users\\fly\\Downloads\\MultipleDialog\\MultipleDialog-master\\entry\\src\\main\\supervisual',
  aceBuildJson: 'C:\\Users\\fly\\Downloads\\MultipleDialog\\MultipleDialog-master\\entry\\build\\default\\intermediates\\loader\\default\\loader.json',
  cachePath: 'C:\\Users\\fly\\Downloads\\MultipleDialog\\MultipleDialog-master\\entry\\build\\default\\cache\\default\\default@CompileArkTS\\esmodule\\debug',
  aceModuleBuild: 'C:\\Users\\fly\\Downloads\\MultipleDialog\\MultipleDialog-master\\entry\\build\\default\\intermediates\\loader_out\\default\\ets',
  supportChunks: true,
  declaredFilesPath: undefined,
  shouldCollectDirectImportees: false,
  isByteCodeHarOptimize: false,
  pkgNameToPkgBriefInfo: {
    entry: {
      pkgRoot: 'C:\\Users\\fly\\Downloads\\MultipleDialog\\MultipleDialog-master\\entry',
      originalSourceRoots: undefined,
      sourceRoots: [Array],
      pkgName: 'entry'
    }
  },
  projectModel: {
    'C:\\Users\\fly\\Downloads\\MultipleDialog\\MultipleDialog-master\\entry\\src\\main': {
      moduleName: 'entry',
      modulePkgPath: 'C:\\Users\\fly\\Downloads\\MultipleDialog\\MultipleDialog-master\\entry',
      belongProjectPath: 'C:\\Users\\fly\\Downloads\\MultipleDialog\\MultipleDialog-master'
    },
    'C:\\Users\\fly\\Downloads\\MultipleDialog\\MultipleDialog-master\\entry': {
      moduleName: 'entry',
      modulePkgPath: 'C:\\Users\\fly\\Downloads\\MultipleDialog\\MultipleDialog-master\\entry',
      belongProjectPath: 'C:\\Users\\fly\\Downloads\\MultipleDialog\\MultipleDialog-master'
    },
    'C:\\Users\\fly\\Downloads\\MultipleDialog\\MultipleDialog-master': {
      moduleName: 'MultipleDialog-master',
      modulePkgPath: 'C:\\Users\\fly\\Downloads\\MultipleDialog\\MultipleDialog-master',
      belongProjectPath: 'C:\\Users\\fly\\Downloads\\MultipleDialog\\MultipleDialog-master'
    }
  },
  pkgJsonFileHash: 'ea7ca364739cbf4d530eeb39cce6bf2d',
  allModulePaths: [
    'C:\\Users\\fly\\Downloads\\MultipleDialog\\MultipleDialog-master\\entry'
  ],
  routerMap: {},
  obfuscationOptions: undefined,
  compileBlockPkg: [],
  mockParams: {
    decorator: '@MockSetup',
    packageName: '@ohos/hamock',
    etsSourceRootPath: 'src/main/ets',
    mockConfigPath: undefined,
    mockConfigKey2ModuleInfo: {},
    source2ModuleIdMap: {}
  },
  copyCodeResourceEnable: true,
  copyCodeResourceExcludes: [],
  uiTransformOptimization: false,
  otherPaths: {
    'entry/*': [
      '..\\*',
      '..\\..\\..\\build\\default\\generated\\profile\\default\\*'
    ]
  },
  collectImportersConfig: undefined
}
[2025-09-28T14:48:27.099] [DEBUG] debug-file - Compile arkts with external api path: E:\DevEco-Studio\DevEco Studio\sdk\default\hms\ets
[2025-09-28T14:48:27.101] [DEBUG] debug-file - Since there is no instance or instance is terminated, create a new worker pool.
[2025-09-28T14:48:27.101] [DEBUG] debug-file - Worker pool is initialized with config:  {
  minPoolNum: 2,
  maxPoolNum: undefined,
  maxCoreSize: undefined,
  cacheCapacity: undefined,
  cacheTtl: undefined
}
[2025-09-28T14:48:27.102] [DEBUG] debug-file - Create  resident worker with id: 0.
[2025-09-28T14:48:27.103] [DEBUG] debug-file - Create  resident worker with id: 1.
[2025-09-28T14:48:27.106] [DEBUG] debug-file - default@CompileArkTS work[0] is submitted.
[2025-09-28T14:48:27.106] [DEBUG] debug-file - default@CompileArkTS work[0] is pushed to ready queue.
[2025-09-28T14:48:27.106] [DEBUG] debug-file - A work dispatched to worker[15] failed because unable to get work from ready queue.
[2025-09-28T14:48:27.106] [DEBUG] debug-file - A work dispatched to worker[14] failed because unable to get work from ready queue.
[2025-09-28T14:48:27.106] [DEBUG] debug-file - A work dispatched to worker[13] failed because unable to get work from ready queue.
[2025-09-28T14:48:27.106] [DEBUG] debug-file - A work dispatched to worker[12] failed because unable to get work from ready queue.
[2025-09-28T14:48:27.106] [DEBUG] debug-file - A work dispatched to worker[11] failed because unable to get work from ready queue.
[2025-09-28T14:48:27.107] [DEBUG] debug-file - A work dispatched to worker[10] failed because unable to get work from ready queue.
[2025-09-28T14:48:27.107] [DEBUG] debug-file - A work dispatched to worker[9] failed because unable to get work from ready queue.
[2025-09-28T14:48:27.107] [DEBUG] debug-file - A work dispatched to worker[8] failed because unable to get work from ready queue.
[2025-09-28T14:48:27.107] [DEBUG] debug-file - A work dispatched to worker[7] failed because unable to get work from ready queue.
[2025-09-28T14:48:27.107] [DEBUG] debug-file - A work dispatched to worker[6] failed because unable to get work from ready queue.
[2025-09-28T14:48:27.107] [DEBUG] debug-file - A work dispatched to worker[5] failed because unable to get work from ready queue.
[2025-09-28T14:48:27.107] [DEBUG] debug-file - Create  resident worker with id: 4.
[2025-09-28T14:48:27.108] [DEBUG] debug-file - default@CompileArkTS work[0] has been dispatched to worker[4].
[2025-09-28T14:48:27.108] [DEBUG] debug-file - default@CompileArkTS work[0] is dispatched.
[2025-09-28T14:48:27.108] [DEBUG] debug-file - CopyResources startTime: 911801394600
[2025-09-28T14:48:27.108] [DEBUG] debug-file - default@CompileArkTS work[1] is submitted.
[2025-09-28T14:48:27.108] [DEBUG] debug-file - default@CompileArkTS work[1] is pushed to ready queue.
[2025-09-28T14:48:27.109] [DEBUG] debug-file - A work dispatched to worker[15] failed because unable to get work from ready queue.
[2025-09-28T14:48:27.109] [DEBUG] debug-file - Create  resident worker with id: 14.
[2025-09-28T14:48:27.109] [DEBUG] debug-file - default@CompileArkTS work[1] has been dispatched to worker[14].
[2025-09-28T14:48:27.110] [DEBUG] debug-file - default@CompileArkTS work[1] is dispatched.
[2025-09-28T14:48:27.110] [DEBUG] debug-file - entry : default@CompileArkTS cost memory 2.063018798828125
[2025-09-28T14:48:27.110] [DEBUG] debug-file - jsonObjWithoutParam {} at undefined
[2025-09-28T14:48:27.111] [DEBUG] debug-file - jsonObjWithoutParam {"name":"entry","version":"1.0.0","description":"Please describe the basic information.","main":"","author":"","license":"","dependencies":{}} at undefined
[2025-09-28T14:48:27.111] [DEBUG] debug-file - Executing task :entry:default@BuildJS
[2025-09-28T14:48:27.113] [DEBUG] debug-file - entry : default@BuildJS cost memory 0.38378143310546875
[2025-09-28T14:48:27.113] [DEBUG] debug-file - runTaskFromQueue task cost before running: 2 s 92 ms 
[2025-09-28T14:48:27.113] [INFO] debug-file - Finished :entry:default@BuildJS... after 3 ms 
[2025-09-28T14:48:27.114] [DEBUG] debug-file - jsonObjWithoutParam {} at undefined
[2025-09-28T14:48:27.114] [DEBUG] debug-file - jsonObjWithoutParam {"name":"entry","version":"1.0.0","description":"Please describe the basic information.","main":"","author":"","license":"","dependencies":{}} at undefined
[2025-09-28T14:48:27.115] [DEBUG] debug-file - Executing task :entry:default@CacheNativeLibs
[2025-09-28T14:48:27.115] [DEBUG] debug-file - Task 'entry:default@CacheNativeLibs' cost while wrapping incremental declarations: 1 ms 
[2025-09-28T14:48:27.115] [DEBUG] debug-file - jsonObjWithoutParam {} at undefined
[2025-09-28T14:48:27.115] [DEBUG] debug-file - jsonObjWithoutParam {"name":"entry","version":"1.0.0","description":"Please describe the basic information.","main":"","author":"","license":"","dependencies":{}} at undefined
[2025-09-28T14:48:27.115] [DEBUG] debug-file - default@CacheNativeLibs work[2] is submitted.
[2025-09-28T14:48:27.115] [DEBUG] debug-file - default@CacheNativeLibs work[2] is pushed to ready queue.
[2025-09-28T14:48:27.115] [DEBUG] debug-file - A work dispatched to worker[15] failed because unable to get work from ready queue.
[2025-09-28T14:48:27.115] [DEBUG] debug-file - A work dispatched to worker[14] failed because of worker busy.
[2025-09-28T14:48:27.115] [DEBUG] debug-file - Create  resident worker with id: 13.
[2025-09-28T14:48:27.116] [DEBUG] debug-file - default@CacheNativeLibs work[2] has been dispatched to worker[13].
[2025-09-28T14:48:27.116] [DEBUG] debug-file - default@CacheNativeLibs work[2] is dispatched.
[2025-09-28T14:48:27.116] [DEBUG] debug-file - entry : default@CacheNativeLibs cost memory 0.24156951904296875
[2025-09-28T14:48:27.954] [DEBUG] debug-file - worker[13] has one work done.
[2025-09-28T14:48:27.954] [DEBUG] debug-file - default@CacheNativeLibs work[2] done.
[2025-09-28T14:48:27.954] [DEBUG] debug-file - A work dispatched to worker[13] failed because unable to get work from ready queue.
[2025-09-28T14:48:27.954] [INFO] debug-file - Finished :entry:default@CacheNativeLibs... after 7 ms 
[2025-09-28T14:48:27.957] [DEBUG] debug-file - worker[14] has one work done.
[2025-09-28T14:48:27.957] [DEBUG] debug-file - CopyResources is end, endTime: 912650496000
[2025-09-28T14:48:27.957] [DEBUG] debug-file - default@CompileArkTS work[1] done.
[2025-09-28T14:48:27.958] [DEBUG] debug-file - A work dispatched to worker[14] failed because unable to get work from ready queue.
[2025-09-28T14:48:33.202] [DEBUG] debug-file - worker[4] has one work done.
[2025-09-28T14:48:33.202] [DEBUG] debug-file - Ark compile task finished.finished time is 917895196600
[2025-09-28T14:48:33.205] [DEBUG] debug-file - default@CompileArkTS work[0] done.
[2025-09-28T14:48:33.205] [DEBUG] debug-file - A work dispatched to worker[4] failed because unable to get work from ready queue.
[2025-09-28T14:48:33.207] [INFO] debug-file - Finished :entry:default@CompileArkTS... after 4 s 196 ms 
[2025-09-28T14:48:33.207] [DEBUG] debug-file - jsonObjWithoutParam {} at undefined
[2025-09-28T14:48:33.207] [DEBUG] debug-file - jsonObjWithoutParam {"name":"entry","version":"1.0.0","description":"Please describe the basic information.","main":"","author":"","license":"","dependencies":{}} at undefined
[2025-09-28T14:48:33.207] [DEBUG] debug-file - Executing task :entry:default@GeneratePkgModuleJson
[2025-09-28T14:48:33.208] [DEBUG] debug-file - Task 'entry:default@GeneratePkgModuleJson' cost while wrapping incremental declarations: 1 ms 
[2025-09-28T14:48:33.208] [DEBUG] debug-file - jsonObjWithoutParam {} at undefined
[2025-09-28T14:48:33.208] [DEBUG] debug-file - jsonObjWithoutParam {"name":"entry","version":"1.0.0","description":"Please describe the basic information.","main":"","author":"","license":"","dependencies":{}} at undefined
[2025-09-28T14:48:33.210] [DEBUG] debug-file - entry : default@GeneratePkgModuleJson cost memory 0.08267974853515625
[2025-09-28T14:48:33.210] [DEBUG] debug-file - runTaskFromQueue task cost before running: 8 s 188 ms 
[2025-09-28T14:48:33.210] [INFO] debug-file - Finished :entry:default@GeneratePkgModuleJson... after 3 ms 
[2025-09-28T14:48:33.211] [DEBUG] debug-file - jsonObjWithoutParam {} at undefined
[2025-09-28T14:48:33.211] [DEBUG] debug-file - jsonObjWithoutParam {"name":"entry","version":"1.0.0","description":"Please describe the basic information.","main":"","author":"","license":"","dependencies":{}} at undefined
[2025-09-28T14:48:33.212] [DEBUG] debug-file - Executing task :entry:default@PackageHap
[2025-09-28T14:48:33.214] [DEBUG] debug-file - jsonObjWithoutParam {} at undefined
[2025-09-28T14:48:33.214] [DEBUG] debug-file - jsonObjWithoutParam {"name":"entry","version":"1.0.0","description":"Please describe the basic information.","main":"","author":"","license":"","dependencies":{}} at undefined
[2025-09-28T14:48:33.216] [DEBUG] debug-file - Use tool [E:\DevEco-Studio\DevEco Studio\sdk\default\openharmony\toolchains\lib\app_packing_tool.jar]
 [
  'java',
  '-Dfile.encoding=GBK',
  '-jar',
  'E:\\DevEco-Studio\\DevEco Studio\\sdk\\default\\openharmony\\toolchains\\lib\\app_packing_tool.jar',
  '--mode',
  'hap',
  '--force',
  'true',
  '--lib-path',
  'C:\\Users\\fly\\Downloads\\MultipleDialog\\MultipleDialog-master\\entry\\build\\default\\intermediates\\stripped_native_libs\\default',
  '--json-path',
  'C:\\Users\\fly\\Downloads\\MultipleDialog\\MultipleDialog-master\\entry\\build\\default\\intermediates\\package\\default\\module.json',
  '--resources-path',
  'C:\\Users\\fly\\Downloads\\MultipleDialog\\MultipleDialog-master\\entry\\build\\default\\intermediates\\res\\default\\resources',
  '--index-path',
  'C:\\Users\\fly\\Downloads\\MultipleDialog\\MultipleDialog-master\\entry\\build\\default\\intermediates\\res\\default\\resources.index',
  '--pack-info-path',
  'C:\\Users\\fly\\Downloads\\MultipleDialog\\MultipleDialog-master\\entry\\build\\default\\outputs\\default\\pack.info',
  '--out-path',
  'C:\\Users\\fly\\Downloads\\MultipleDialog\\MultipleDialog-master\\entry\\build\\default\\outputs\\default\\entry-default-unsigned.hap',
  '--ets-path',
  'C:\\Users\\fly\\Downloads\\MultipleDialog\\MultipleDialog-master\\entry\\build\\default\\intermediates\\loader_out\\default\\ets',
  '--pkg-context-path',
  'C:\\Users\\fly\\Downloads\\MultipleDialog\\MultipleDialog-master\\entry\\build\\default\\intermediates\\loader\\default\\pkgContextInfo.json'
]
[2025-09-28T14:48:33.259] [DEBUG] debug-file - java daemon socket received message:{"code":0,"message":"pack success"}
[2025-09-28T14:48:33.264] [DEBUG] debug-file - entry : default@PackageHap cost memory 0.46765899658203125
[2025-09-28T14:48:33.264] [DEBUG] debug-file - runTaskFromQueue task cost before running: 8 s 242 ms 
[2025-09-28T14:48:33.265] [INFO] debug-file - Finished :entry:default@PackageHap... after 52 ms 
[2025-09-28T14:48:33.265] [DEBUG] debug-file - jsonObjWithoutParam {} at undefined
[2025-09-28T14:48:33.265] [DEBUG] debug-file - jsonObjWithoutParam {"name":"entry","version":"1.0.0","description":"Please describe the basic information.","main":"","author":"","license":"","dependencies":{}} at undefined
[2025-09-28T14:48:33.266] [DEBUG] debug-file - Executing task :entry:default@SignHap
[2025-09-28T14:48:33.266] [WARN] debug-file - Will skip sign 'hos_hap'. No signingConfigs profile is configured in current project.
             If needed, configure the signingConfigs in C:\Users\fly\Downloads\MultipleDialog\MultipleDialog-master\build-profile.json5.
[2025-09-28T14:48:33.267] [DEBUG] debug-file - jsonObjWithoutParam {} at undefined
[2025-09-28T14:48:33.267] [DEBUG] debug-file - jsonObjWithoutParam {"name":"entry","version":"1.0.0","description":"Please describe the basic information.","main":"","author":"","license":"","dependencies":{}} at undefined
[2025-09-28T14:48:33.267] [DEBUG] debug-file - entry : default@SignHap cost memory 0.0886688232421875
[2025-09-28T14:48:33.268] [DEBUG] debug-file - runTaskFromQueue task cost before running: 8 s 246 ms 
[2025-09-28T14:48:33.268] [INFO] debug-file - Finished :entry:default@SignHap... after 2 ms 
[2025-09-28T14:48:33.269] [DEBUG] debug-file - jsonObjWithoutParam {} at undefined
[2025-09-28T14:48:33.269] [DEBUG] debug-file - jsonObjWithoutParam {"name":"entry","version":"1.0.0","description":"Please describe the basic information.","main":"","author":"","license":"","dependencies":{}} at undefined
[2025-09-28T14:48:33.269] [DEBUG] debug-file - Executing task :entry:default@CollectDebugSymbol
[2025-09-28T14:48:33.270] [DEBUG] debug-file - jsonObjWithoutParam {} at undefined
[2025-09-28T14:48:33.270] [DEBUG] debug-file - jsonObjWithoutParam {"name":"entry","version":"1.0.0","description":"Please describe the basic information.","main":"","author":"","license":"","dependencies":{}} at undefined
[2025-09-28T14:48:33.270] [DEBUG] debug-file - entry : default@CollectDebugSymbol cost memory 0.12772369384765625
[2025-09-28T14:48:33.270] [DEBUG] debug-file - runTaskFromQueue task cost before running: 8 s 249 ms 
[2025-09-28T14:48:33.270] [INFO] debug-file - Finished :entry:default@CollectDebugSymbol... after 2 ms 
[2025-09-28T14:48:33.271] [DEBUG] debug-file - Executing task :entry:assembleHap
[2025-09-28T14:48:33.271] [DEBUG] debug-file - entry : assembleHap cost memory 0.01450347900390625
[2025-09-28T14:48:33.271] [DEBUG] debug-file - runTaskFromQueue task cost before running: 8 s 249 ms 
[2025-09-28T14:48:33.271] [INFO] debug-file - Finished :entry:assembleHap... after 1 ms 
[2025-09-28T14:48:33.280] [DEBUG] debug-file - BUILD SUCCESSFUL in 8 s 258 ms 
[2025-09-28T14:48:33.281] [DEBUG] debug-file - Update task entry:default@PreBuild input file:C:\Users\fly\Downloads\MultipleDialog\MultipleDialog-master\AppScope\app.json5 cache by regenerate.
[2025-09-28T14:48:33.281] [DEBUG] debug-file - Update task entry:default@PreBuild input file:C:\Users\fly\Downloads\MultipleDialog\MultipleDialog-master\entry\src\main\module.json5 cache by regenerate.
[2025-09-28T14:48:33.281] [DEBUG] debug-file - Update task entry:default@PreBuild input file:C:\Users\fly\Downloads\MultipleDialog\MultipleDialog-master\build-profile.json5 cache by regenerate.
[2025-09-28T14:48:33.282] [DEBUG] debug-file - Update task entry:default@PreBuild input file:C:\Users\fly\Downloads\MultipleDialog\MultipleDialog-master\entry\build-profile.json5 cache by regenerate.
[2025-09-28T14:48:33.282] [DEBUG] debug-file - Update task entry:default@PreBuild input file:C:\Users\fly\Downloads\MultipleDialog\MultipleDialog-master\entry\src\main\resources\base\profile\main_pages.json cache by regenerate.
[2025-09-28T14:48:33.282] [DEBUG] debug-file - Update task entry:default@PreBuild input file:C:\Users\fly\Downloads\MultipleDialog\MultipleDialog-master\hvigor\hvigor-config.json5 cache by regenerate.
[2025-09-28T14:48:33.282] [DEBUG] debug-file - Update task entry:default@PreBuild input file:C:\Users\fly\Downloads\MultipleDialog\MultipleDialog-master\entry\oh-package.json5 cache by regenerate.
[2025-09-28T14:48:33.282] [DEBUG] debug-file - Update task entry:default@PreBuild input file:C:\Users\fly\Downloads\MultipleDialog\MultipleDialog-master\oh-package.json5 cache by regenerate.
[2025-09-28T14:48:33.283] [DEBUG] debug-file - Incremental task entry:default@PreBuild post-execution cost:3 ms .
[2025-09-28T14:48:33.283] [DEBUG] debug-file - Update task entry:default@CreateModuleInfo output file:C:\Users\fly\Downloads\MultipleDialog\MultipleDialog-master\entry\build\default\generated\profile\default\ModuleInfo.ts cache.
[2025-09-28T14:48:33.283] [DEBUG] debug-file - Incremental task entry:default@CreateModuleInfo post-execution cost:1 ms .
[2025-09-28T14:48:33.283] [DEBUG] debug-file - Update task entry:default@GenerateMetadata input file:C:\Users\fly\Downloads\MultipleDialog\MultipleDialog-master\entry\src\main\module.json5 cache by regenerate.
[2025-09-28T14:48:33.283] [DEBUG] debug-file - Update task entry:default@GenerateMetadata output file:C:\Users\fly\Downloads\MultipleDialog\MultipleDialog-master\entry\build\default\intermediates\hap_metadata\default\output_metadata.json cache.
[2025-09-28T14:48:33.284] [DEBUG] debug-file - Incremental task entry:default@GenerateMetadata post-execution cost:1 ms .
[2025-09-28T14:48:33.284] [DEBUG] debug-file - Update task entry:default@MergeProfile input file:C:\Users\fly\Downloads\MultipleDialog\MultipleDialog-master\AppScope\app.json5 cache by regenerate.
[2025-09-28T14:48:33.284] [DEBUG] debug-file - Update task entry:default@MergeProfile input file:C:\Users\fly\Downloads\MultipleDialog\MultipleDialog-master\build-profile.json5 cache by regenerate.
[2025-09-28T14:48:33.284] [DEBUG] debug-file - Update task entry:default@MergeProfile input file:C:\Users\fly\Downloads\MultipleDialog\MultipleDialog-master\entry\src\main\module.json5 cache by regenerate.
[2025-09-28T14:48:33.284] [DEBUG] debug-file - Update task entry:default@MergeProfile output file:C:\Users\fly\Downloads\MultipleDialog\MultipleDialog-master\entry\build\default\intermediates\merge_profile\default\module.json cache.
[2025-09-28T14:48:33.285] [DEBUG] debug-file - Incremental task entry:default@MergeProfile post-execution cost:1 ms .
[2025-09-28T14:48:33.285] [DEBUG] debug-file - Update task entry:default@CreateBuildProfile input file:C:\Users\fly\Downloads\MultipleDialog\MultipleDialog-master\AppScope\app.json5 cache by regenerate.
[2025-09-28T14:48:33.285] [DEBUG] debug-file - Update task entry:default@CreateBuildProfile input file:C:\Users\fly\Downloads\MultipleDialog\MultipleDialog-master\build-profile.json5 cache by regenerate.
[2025-09-28T14:48:33.285] [DEBUG] debug-file - Update task entry:default@CreateBuildProfile output file:C:\Users\fly\Downloads\MultipleDialog\MultipleDialog-master\entry\build\default\generated\profile\default\BuildProfile.ets cache.
[2025-09-28T14:48:33.285] [DEBUG] debug-file - Incremental task entry:default@CreateBuildProfile post-execution cost:1 ms .
[2025-09-28T14:48:33.285] [DEBUG] debug-file - Update task entry:default@GeneratePkgContextInfo output file:C:\Users\fly\Downloads\MultipleDialog\MultipleDialog-master\entry\build\default\intermediates\loader\default\pkgContextInfo.json cache.
[2025-09-28T14:48:33.285] [DEBUG] debug-file - Incremental task entry:default@GeneratePkgContextInfo post-execution cost:1 ms .
[2025-09-28T14:48:33.285] [DEBUG] debug-file - Update task entry:default@ProcessIntegratedHsp output file:C:\Users\fly\Downloads\MultipleDialog\MultipleDialog-master\build\cache\default\integrated_hsp\integratedHspCache.json cache.
[2025-09-28T14:48:33.285] [DEBUG] debug-file - Incremental task entry:default@ProcessIntegratedHsp post-execution cost:1 ms .
[2025-09-28T14:48:33.286] [DEBUG] debug-file - Update task entry:default@MakePackInfo input file:C:\Users\fly\Downloads\MultipleDialog\MultipleDialog-master\AppScope\app.json5 cache by regenerate.
[2025-09-28T14:48:33.286] [DEBUG] debug-file - Update task entry:default@MakePackInfo input file:C:\Users\fly\Downloads\MultipleDialog\MultipleDialog-master\entry\src\main\module.json5 cache by regenerate.
[2025-09-28T14:48:33.286] [DEBUG] debug-file - Update task entry:default@MakePackInfo input file:C:\Users\fly\Downloads\MultipleDialog\MultipleDialog-master\build-profile.json5 cache by regenerate.
[2025-09-28T14:48:33.286] [DEBUG] debug-file - Update task entry:default@MakePackInfo input file:C:\Users\fly\Downloads\MultipleDialog\MultipleDialog-master\entry\src\main\resources\base\profile\backup_config.json cache by regenerate.
[2025-09-28T14:48:33.286] [DEBUG] debug-file - Update task entry:default@MakePackInfo output file:C:\Users\fly\Downloads\MultipleDialog\MultipleDialog-master\entry\build\default\outputs\default\pack.info cache.
[2025-09-28T14:48:33.286] [DEBUG] debug-file - Incremental task entry:default@MakePackInfo post-execution cost:1 ms .
[2025-09-28T14:48:33.286] [DEBUG] debug-file - Update task entry:default@SyscapTransform input file:E:\DevEco-Studio\DevEco Studio\sdk\default\openharmony\toolchains\syscap_tool.exe cache by regenerate.
[2025-09-28T14:48:33.286] [DEBUG] debug-file - Update task entry:default@SyscapTransform input file:E:\DevEco-Studio\DevEco Studio\sdk\default\openharmony\ets\api\device-define cache by regenerate.
[2025-09-28T14:48:33.288] [DEBUG] debug-file - Update task entry:default@SyscapTransform output file:C:\Users\fly\Downloads\MultipleDialog\MultipleDialog-master\entry\build\default\intermediates\syscap\default\rpcid.sc cache.
[2025-09-28T14:48:33.288] [DEBUG] debug-file - Incremental task entry:default@SyscapTransform post-execution cost:2 ms .
[2025-09-28T14:48:33.288] [DEBUG] debug-file - Update task entry:default@ProcessProfile input file:C:\Users\fly\Downloads\MultipleDialog\MultipleDialog-master\entry\build\default\intermediates\merge_profile\default\module.json cache by regenerate.
[2025-09-28T14:48:33.288] [DEBUG] debug-file - Update task entry:default@ProcessProfile output file:C:\Users\fly\Downloads\MultipleDialog\MultipleDialog-master\entry\build\default\intermediates\process_profile\default\module.json cache.
[2025-09-28T14:48:33.288] [DEBUG] debug-file - Incremental task entry:default@ProcessProfile post-execution cost:1 ms .
[2025-09-28T14:48:33.289] [DEBUG] debug-file - Update task entry:default@ProcessRouterMap input file:C:\Users\fly\Downloads\MultipleDialog\MultipleDialog-master\entry\oh-package.json5 cache by regenerate.
[2025-09-28T14:48:33.289] [DEBUG] debug-file - Update task entry:default@ProcessRouterMap input file:C:\Users\fly\Downloads\MultipleDialog\MultipleDialog-master\oh-package.json5 cache by regenerate.
[2025-09-28T14:48:33.289] [DEBUG] debug-file - Update task entry:default@ProcessRouterMap input file:C:\Users\fly\Downloads\MultipleDialog\MultipleDialog-master\entry\src\main\module.json5 cache by regenerate.
[2025-09-28T14:48:33.289] [DEBUG] debug-file - Update task entry:default@ProcessRouterMap input file:C:\Users\fly\Downloads\MultipleDialog\MultipleDialog-master\entry\build\default\intermediates\loader\default\pkgContextInfo.json cache by regenerate.
[2025-09-28T14:48:33.289] [DEBUG] debug-file - Update task entry:default@ProcessRouterMap output file:C:\Users\fly\Downloads\MultipleDialog\MultipleDialog-master\entry\build\default\intermediates\router_map\default\temp-router-map.json cache.
[2025-09-28T14:48:33.289] [DEBUG] debug-file - Update task entry:default@ProcessRouterMap output file:C:\Users\fly\Downloads\MultipleDialog\MultipleDialog-master\entry\build\default\intermediates\router_map\default\loader-router-map.json cache.
[2025-09-28T14:48:33.290] [DEBUG] debug-file - Incremental task entry:default@ProcessRouterMap post-execution cost:2 ms .
[2025-09-28T14:48:33.290] [DEBUG] debug-file - Update task entry:default@ProcessStartupConfig input file:C:\Users\fly\Downloads\MultipleDialog\MultipleDialog-master\entry\build\default\intermediates\loader\default\pkgContextInfo.json cache by regenerate.
[2025-09-28T14:48:33.290] [DEBUG] debug-file - Update task entry:default@ProcessStartupConfig output file:C:\Users\fly\Downloads\MultipleDialog\MultipleDialog-master\entry\build\default\intermediates\startup\default\startup_config.json cache.
[2025-09-28T14:48:33.290] [DEBUG] debug-file - Incremental task entry:default@ProcessStartupConfig post-execution cost:1 ms .
[2025-09-28T14:48:33.290] [DEBUG] debug-file - Update task entry:default@ProcessResource output file:C:\Users\fly\Downloads\MultipleDialog\MultipleDialog-master\entry\build\default\intermediates\res\default\resConfig.json cache.
[2025-09-28T14:48:33.290] [DEBUG] debug-file - Update task entry:default@ProcessResource output file:C:\Users\fly\Downloads\MultipleDialog\MultipleDialog-master\entry\build\default\intermediates\res\default\opt-compression.json cache.
[2025-09-28T14:48:33.291] [DEBUG] debug-file - Incremental task entry:default@ProcessResource post-execution cost:1 ms .
[2025-09-28T14:48:33.291] [DEBUG] debug-file - Update task entry:default@GenerateLoaderJson input file:C:\Users\fly\Downloads\MultipleDialog\MultipleDialog-master\entry\build\default\intermediates\loader\default\pkgContextInfo.json cache by regenerate.
[2025-09-28T14:48:33.291] [DEBUG] debug-file - Update task entry:default@GenerateLoaderJson input file:C:\Users\fly\Downloads\MultipleDialog\MultipleDialog-master\entry\build\default\intermediates\router_map\default\temp-router-map.json cache by regenerate.
[2025-09-28T14:48:33.292] [DEBUG] debug-file - Update task entry:default@GenerateLoaderJson output file:C:\Users\fly\Downloads\MultipleDialog\MultipleDialog-master\entry\build\default\intermediates\loader\default\loader.json cache.
[2025-09-28T14:48:33.292] [DEBUG] debug-file - Incremental task entry:default@GenerateLoaderJson post-execution cost:2 ms .
[2025-09-28T14:48:33.292] [DEBUG] debug-file - Update task entry:default@ProcessLibs input file:C:\Users\fly\Downloads\MultipleDialog\MultipleDialog-master\build-profile.json5 cache by regenerate.
[2025-09-28T14:48:33.292] [DEBUG] debug-file - Update task entry:default@ProcessLibs input file:C:\Users\fly\Downloads\MultipleDialog\MultipleDialog-master\entry\build-profile.json5 cache by regenerate.
[2025-09-28T14:48:33.293] [DEBUG] debug-file - Update task entry:default@ProcessLibs output file:C:\Users\fly\Downloads\MultipleDialog\MultipleDialog-master\entry\build\default\intermediates\libs\default cache.
[2025-09-28T14:48:33.293] [DEBUG] debug-file - Incremental task entry:default@ProcessLibs post-execution cost:2 ms .
[2025-09-28T14:48:33.294] [DEBUG] debug-file - Update task entry:default@CompileResource input file:C:\Users\fly\Downloads\MultipleDialog\MultipleDialog-master\entry\src\main\resources cache by regenerate.
[2025-09-28T14:48:33.298] [DEBUG] debug-file - Update task entry:default@CompileResource input file:C:\Users\fly\Downloads\MultipleDialog\MultipleDialog-master\AppScope\resources cache by regenerate.
[2025-09-28T14:48:33.299] [DEBUG] debug-file - Update task entry:default@CompileResource input file:C:\Users\fly\Downloads\MultipleDialog\MultipleDialog-master\entry\build\default\intermediates\process_profile\default\module.json cache by regenerate.
[2025-09-28T14:48:33.300] [DEBUG] debug-file - Update task entry:default@CompileResource input file:C:\Users\fly\Downloads\MultipleDialog\MultipleDialog-master\entry\build\default\intermediates\res\default\resConfig.json cache by regenerate.
[2025-09-28T14:48:33.300] [DEBUG] debug-file - Update task entry:default@CompileResource output file:C:\Users\fly\Downloads\MultipleDialog\MultipleDialog-master\entry\build\default\intermediates\res\default cache.
[2025-09-28T14:48:33.303] [DEBUG] debug-file - Update task entry:default@CompileResource output file:C:\Users\fly\Downloads\MultipleDialog\MultipleDialog-master\entry\build\default\generated\r\default\ResourceTable.h cache.
[2025-09-28T14:48:33.304] [DEBUG] debug-file - Update task entry:default@CompileResource output file:C:\Users\fly\Downloads\MultipleDialog\MultipleDialog-master\entry\build\default\generated\r\default cache.
[2025-09-28T14:48:33.304] [DEBUG] debug-file - Incremental task entry:default@CompileResource post-execution cost:11 ms .
[2025-09-28T14:48:33.304] [DEBUG] debug-file - Update task entry:default@DoNativeStrip input file:C:\Users\fly\Downloads\MultipleDialog\MultipleDialog-master\entry\build\default\intermediates\libs\default cache by regenerate.
[2025-09-28T14:48:33.304] [DEBUG] debug-file - Update task entry:default@DoNativeStrip output file:C:\Users\fly\Downloads\MultipleDialog\MultipleDialog-master\entry\build\default\intermediates\stripped_native_libs\default cache.
[2025-09-28T14:48:33.305] [DEBUG] debug-file - Incremental task entry:default@DoNativeStrip post-execution cost:1 ms .
[2025-09-28T14:48:33.305] [DEBUG] debug-file - Update task entry:default@CompileArkTS input file:C:\Users\fly\Downloads\MultipleDialog\MultipleDialog-master\entry\build\default\intermediates\loader\default cache by regenerate.
[2025-09-28T14:48:33.306] [DEBUG] debug-file - Update task entry:default@CompileArkTS input file:C:\Users\fly\Downloads\MultipleDialog\MultipleDialog-master\entry\build\default\intermediates\res\default\ResourceTable.txt cache by regenerate.
[2025-09-28T14:48:33.306] [DEBUG] debug-file - Update task entry:default@CompileArkTS input file:C:\Users\fly\Downloads\MultipleDialog\MultipleDialog-master\entry\build\default\intermediates\res\default\ark_module.json cache by regenerate.
[2025-09-28T14:48:33.306] [DEBUG] debug-file - Update task entry:default@CompileArkTS input file:C:\Users\fly\Downloads\MultipleDialog\MultipleDialog-master\entry\build\default\intermediates\res\default\resources\base\profile cache by regenerate.
[2025-09-28T14:48:33.307] [DEBUG] debug-file - Update task entry:default@CompileArkTS input file:C:\Users\fly\Downloads\MultipleDialog\MultipleDialog-master\entry\src\main\ets cache by regenerate.
[2025-09-28T14:48:33.310] [DEBUG] debug-file - Update task entry:default@CompileArkTS input file:C:\Users\fly\Downloads\MultipleDialog\MultipleDialog-master\entry\build\default\intermediates\loader\default\pkgContextInfo.json cache by regenerate.
[2025-09-28T14:48:33.311] [DEBUG] debug-file - Update task entry:default@CompileArkTS input file:C:\Users\fly\Downloads\MultipleDialog\MultipleDialog-master\entry\build\default\generated\profile\default\BuildProfile.ets cache by regenerate.
[2025-09-28T14:48:33.311] [DEBUG] debug-file - Update task entry:default@CompileArkTS output file:C:\Users\fly\Downloads\MultipleDialog\MultipleDialog-master\entry\build\default\intermediates\loader_out\default\ets cache.
[2025-09-28T14:48:33.312] [DEBUG] debug-file - Incremental task entry:default@CompileArkTS post-execution cost:8 ms .
[2025-09-28T14:48:33.313] [DEBUG] debug-file - Update task entry:default@BuildJS input file:C:\Users\fly\Downloads\MultipleDialog\MultipleDialog-master\entry\build\default\intermediates\loader\default cache by regenerate.
[2025-09-28T14:48:33.314] [DEBUG] debug-file - Update task entry:default@BuildJS input file:C:\Users\fly\Downloads\MultipleDialog\MultipleDialog-master\entry\build\default\intermediates\res\default\ResourceTable.txt cache by regenerate.
[2025-09-28T14:48:33.314] [DEBUG] debug-file - Update task entry:default@BuildJS input file:C:\Users\fly\Downloads\MultipleDialog\MultipleDialog-master\entry\build\default\intermediates\res\default\ark_module.json cache by regenerate.
[2025-09-28T14:48:33.314] [DEBUG] debug-file - Update task entry:default@BuildJS input file:C:\Users\fly\Downloads\MultipleDialog\MultipleDialog-master\entry\build\default\intermediates\res\default\resources\base\profile cache by regenerate.
[2025-09-28T14:48:33.315] [DEBUG] debug-file - Update task entry:default@BuildJS input file:C:\Users\fly\Downloads\MultipleDialog\MultipleDialog-master\entry\build\default\intermediates\loader\default\pkgContextInfo.json cache by regenerate.
[2025-09-28T14:48:33.315] [DEBUG] debug-file - Update task entry:default@BuildJS output file:C:\Users\fly\Downloads\MultipleDialog\MultipleDialog-master\entry\build\default\intermediates\loader_out\default\js cache.
[2025-09-28T14:48:33.315] [DEBUG] debug-file - Incremental task entry:default@BuildJS post-execution cost:3 ms .
[2025-09-28T14:48:33.315] [DEBUG] debug-file - Update task entry:default@CacheNativeLibs input file:C:\Users\fly\Downloads\MultipleDialog\MultipleDialog-master\entry\build\default\intermediates\stripped_native_libs\default cache by regenerate.
[2025-09-28T14:48:33.315] [DEBUG] debug-file - Update task entry:default@CacheNativeLibs input file:C:\Users\fly\Downloads\MultipleDialog\MultipleDialog-master\entry\build\default\intermediates\libs\default cache by regenerate.
[2025-09-28T14:48:33.316] [DEBUG] debug-file - Update task entry:default@CacheNativeLibs output file:C:\Users\fly\Downloads\MultipleDialog\MultipleDialog-master\entry\build\default\intermediates\patch\default\base_native_libs.json cache.
[2025-09-28T14:48:33.316] [DEBUG] debug-file - Incremental task entry:default@CacheNativeLibs post-execution cost:1 ms .
[2025-09-28T14:48:33.316] [DEBUG] debug-file - Update task entry:default@GeneratePkgModuleJson input file:C:\Users\fly\Downloads\MultipleDialog\MultipleDialog-master\entry\build\default\intermediates\res\default\module.json cache by regenerate.
[2025-09-28T14:48:33.316] [DEBUG] debug-file - Update task entry:default@GeneratePkgModuleJson output file:C:\Users\fly\Downloads\MultipleDialog\MultipleDialog-master\entry\build\default\intermediates\package\default\module.json cache.
[2025-09-28T14:48:33.316] [DEBUG] debug-file - Incremental task entry:default@GeneratePkgModuleJson post-execution cost:1 ms .
[2025-09-28T14:48:33.317] [DEBUG] debug-file - Update task entry:default@PackageHap input file:C:\Users\fly\Downloads\MultipleDialog\MultipleDialog-master\entry\build\default\intermediates\stripped_native_libs\default cache by regenerate.
[2025-09-28T14:48:33.317] [DEBUG] debug-file - Update task entry:default@PackageHap input file:C:\Users\fly\Downloads\MultipleDialog\MultipleDialog-master\entry\build\default\intermediates\res\default\module.json cache by regenerate.
[2025-09-28T14:48:33.317] [DEBUG] debug-file - Update task entry:default@PackageHap input file:C:\Users\fly\Downloads\MultipleDialog\MultipleDialog-master\entry\build\default\intermediates\res\default\resources cache by regenerate.
[2025-09-28T14:48:33.319] [DEBUG] debug-file - Update task entry:default@PackageHap input file:C:\Users\fly\Downloads\MultipleDialog\MultipleDialog-master\entry\build\default\intermediates\res\default\resources.index cache by regenerate.
[2025-09-28T14:48:33.319] [DEBUG] debug-file - Update task entry:default@PackageHap input file:C:\Users\fly\Downloads\MultipleDialog\MultipleDialog-master\entry\build\default\outputs\default\pack.info cache by regenerate.
[2025-09-28T14:48:33.319] [DEBUG] debug-file - Update task entry:default@PackageHap input file:C:\Users\fly\Downloads\MultipleDialog\MultipleDialog-master\entry\build\default\intermediates\loader_out\default\ets cache by regenerate.
[2025-09-28T14:48:33.320] [DEBUG] debug-file - Update task entry:default@PackageHap input file:C:\Users\fly\Downloads\MultipleDialog\MultipleDialog-master\entry\build\default\intermediates\loader\default\pkgContextInfo.json cache by regenerate.
[2025-09-28T14:48:33.320] [DEBUG] debug-file - Update task entry:default@PackageHap input file:C:\Users\fly\Downloads\MultipleDialog\MultipleDialog-master\entry\build\default\intermediates\loader_out\default\ets\sourceMaps.map cache by regenerate.
[2025-09-28T14:48:33.320] [DEBUG] debug-file - Update task entry:default@PackageHap input file:C:\Users\fly\Downloads\MultipleDialog\MultipleDialog-master\entry\build\default\generated\profile\default\BuildProfile.ets cache by regenerate.
[2025-09-28T14:48:33.320] [DEBUG] debug-file - Update task entry:default@PackageHap output file:C:\Users\fly\Downloads\MultipleDialog\MultipleDialog-master\entry\build\default\outputs\default\entry-default-unsigned.hap cache.
[2025-09-28T14:48:33.320] [DEBUG] debug-file - Update task entry:default@PackageHap output file:C:\Users\fly\Downloads\MultipleDialog\MultipleDialog-master\entry\build\default\intermediates\source_map\default\sourceMaps.map cache.
[2025-09-28T14:48:33.320] [DEBUG] debug-file - Update task entry:default@PackageHap output file:C:\Users\fly\Downloads\MultipleDialog\MultipleDialog-master\entry\build\default\outputs\default\mapping\sourceMaps.map cache.
[2025-09-28T14:48:33.321] [DEBUG] debug-file - Incremental task entry:default@PackageHap post-execution cost:5 ms .
[2025-09-28T14:48:33.321] [DEBUG] debug-file - Update task entry:default@SignHap input file:C:\Users\fly\Downloads\MultipleDialog\MultipleDialog-master\entry\build\default\outputs\default\entry-default-unsigned.hap cache by regenerate.
[2025-09-28T14:48:33.321] [DEBUG] debug-file - Update task entry:default@SignHap output file:C:\Users\fly\Downloads\MultipleDialog\MultipleDialog-master\entry\build\default\outputs\default\entry-default-signed.hap cache.
[2025-09-28T14:48:33.321] [DEBUG] debug-file - Incremental task entry:default@SignHap post-execution cost:1 ms .
[2025-09-28T14:48:33.321] [DEBUG] debug-file - Update task entry:default@CollectDebugSymbol input file:C:\Users\fly\Downloads\MultipleDialog\MultipleDialog-master\entry\build\default\intermediates\loader_out\default\ets\sourceMaps.map cache by regenerate.
[2025-09-28T14:48:33.321] [DEBUG] debug-file - Update task entry:default@CollectDebugSymbol input file:C:\Users\fly\Downloads\MultipleDialog\MultipleDialog-master\entry\build\default\intermediates\libs\default cache by regenerate.
[2025-09-28T14:48:33.322] [DEBUG] debug-file - Update task entry:default@CollectDebugSymbol output file:C:\Users\fly\Downloads\MultipleDialog\MultipleDialog-master\entry\build\default\outputs\default\symbol cache.
[2025-09-28T14:48:33.322] [DEBUG] debug-file - Incremental task entry:default@CollectDebugSymbol post-execution cost:1 ms .
[2025-09-28T14:48:33.343] [DEBUG] debug-file - Cleanup worker 0.
[2025-09-28T14:48:33.343] [DEBUG] debug-file - Worker 0 has been cleaned up.
[2025-09-28T14:48:33.343] [DEBUG] debug-file - Current idle worker size: 4.
[2025-09-28T14:48:33.343] [DEBUG] debug-file - Current resident worker size: 5.
[2025-09-28T14:48:33.343] [DEBUG] debug-file - Cleanup worker 1.
[2025-09-28T14:48:33.343] [DEBUG] debug-file - Worker 1 has been cleaned up.
[2025-09-28T14:48:33.343] [DEBUG] debug-file - Current idle worker size: 3.
[2025-09-28T14:48:33.343] [DEBUG] debug-file - Current resident worker size: 5.
[2025-09-28T14:48:33.343] [DEBUG] debug-file - Cleanup worker 13.
[2025-09-28T14:48:33.343] [DEBUG] debug-file - Worker 13 has been cleaned up.
[2025-09-28T14:48:33.343] [DEBUG] debug-file - Current idle worker size: 2.
[2025-09-28T14:48:33.343] [DEBUG] debug-file - Current resident worker size: 5.
[2025-09-28T14:48:33.343] [DEBUG] debug-file - Cleanup worker 14.
[2025-09-28T14:48:33.343] [DEBUG] debug-file - Worker 14 has been cleaned up.
[2025-09-28T14:48:33.343] [DEBUG] debug-file - Current idle worker size: 1.
[2025-09-28T14:48:33.343] [DEBUG] debug-file - Current resident worker size: 5.
[2025-09-28T14:48:33.344] [DEBUG] debug-file - hvigor build process will be closed.
[2025-09-28T14:48:33.345] [DEBUG] debug-file - java daemon socket close code:1000 reason:close by user
[2025-09-28T14:48:33.346] [DEBUG] debug-file - session manager: send message to worker process.
[2025-09-28T14:48:33.347] [DEBUG] debug-file - session manager: send message to worker process.
[2025-09-28T14:48:33.347] [DEBUG] debug-file - watch worker: worker id should be larger than 0. Nothing will be sent to any worker thread.
[2025-09-28T14:48:33.347] [DEBUG] debug-file - watch worker: worker id should be larger than 0. Nothing will be sent to any worker thread.
[2025-09-28T14:48:33.348] [DEBUG] debug-file - worker[1] exits with exit code 1.
[2025-09-28T14:48:33.349] [DEBUG] debug-file - worker[0] exits with exit code 1.
[2025-09-28T14:48:33.358] [DEBUG] debug-file - worker[14] exits with exit code 1.
[2025-09-28T14:48:33.359] [DEBUG] debug-file - worker[13] exits with exit code 1.
